<?xml version="1.0" encoding="UTF-8"?>
<testsuite xmlns:xsi="http://www.w3.org/2001/XMLSchema-instance" xsi:noNamespaceSchemaLocation="https://maven.apache.org/surefire/maven-surefire-plugin/xsd/surefire-test-report.xsd" name="com.bupt.zhidian.VLTest" time="26.056" tests="1" errors="1" skipped="0" failures="0">
  <properties>
[...]
</properties>
  <testcase name="contextLoads" classname="com.bupt.zhidian.VLTest" time="22.623">
    <error message="Connect to 10.122.252.243:9090 [/10.122.252.243] failed: Connection timed out: connect" type="org.apache.http.conn.HttpHostConnectException">org.apache.http.conn.HttpHostConnectException: Connect to 10.122.252.243:9090 [/10.122.252.243] failed: Connection timed out: connect
	at com.bupt.zhidian.VLTest.contextLoads(VLTest.java:17)
Caused by: java.net.ConnectException: Connection timed out: connect
	at com.bupt.zhidian.VLTest.contextLoads(VLTest.java:17)
</error>
    <system-out><![CDATA[14:20:25.654 [main] DEBUG org.springframework.test.context.junit4.SpringJUnit4ClassRunner - SpringJUnit4ClassRunner constructor called with [class com.bupt.zhidian.VLTest]
14:20:25.661 [main] DEBUG org.springframework.test.context.BootstrapUtils - Instantiating CacheAwareContextLoaderDelegate from class [org.springframework.test.context.cache.DefaultCacheAwareContextLoaderDelegate]
14:20:25.671 [main] DEBUG org.springframework.test.context.BootstrapUtils - Instantiating BootstrapContext using constructor [public org.springframework.test.context.support.DefaultBootstrapContext(java.lang.Class,org.springframework.test.context.CacheAwareContextLoaderDelegate)]
14:20:25.691 [main] DEBUG org.springframework.test.context.BootstrapUtils - Instantiating TestContextBootstrapper for test class [com.bupt.zhidian.VLTest] from class [org.springframework.boot.test.context.SpringBootTestContextBootstrapper]
14:20:25.707 [main] INFO org.springframework.boot.test.context.SpringBootTestContextBootstrapper - Neither @ContextConfiguration nor @ContextHierarchy found for test class [com.bupt.zhidian.VLTest], using SpringBootContextLoader
14:20:25.710 [main] DEBUG org.springframework.test.context.support.AbstractContextLoader - Did not detect default resource location for test class [com.bupt.zhidian.VLTest]: class path resource [com/bupt/zhidian/VLTest-context.xml] does not exist
14:20:25.710 [main] DEBUG org.springframework.test.context.support.AbstractContextLoader - Did not detect default resource location for test class [com.bupt.zhidian.VLTest]: class path resource [com/bupt/zhidian/VLTestContext.groovy] does not exist
14:20:25.710 [main] INFO org.springframework.test.context.support.AbstractContextLoader - Could not detect default resource locations for test class [com.bupt.zhidian.VLTest]: no resource found for suffixes {-context.xml, Context.groovy}.
14:20:25.711 [main] INFO org.springframework.test.context.support.AnnotationConfigContextLoaderUtils - Could not detect default configuration classes for test class [com.bupt.zhidian.VLTest]: VLTest does not declare any static, non-private, non-final, nested classes annotated with @Configuration.
14:20:25.754 [main] DEBUG org.springframework.test.context.support.ActiveProfilesUtils - Could not find an 'annotation declaring class' for annotation type [org.springframework.test.context.ActiveProfiles] and class [com.bupt.zhidian.VLTest]
14:20:25.763 [main] DEBUG org.springframework.core.env.StandardEnvironment - Adding PropertySource 'systemProperties' with lowest search precedence
14:20:25.763 [main] DEBUG org.springframework.core.env.StandardEnvironment - Adding PropertySource 'systemEnvironment' with lowest search precedence
14:20:25.764 [main] DEBUG org.springframework.core.env.StandardEnvironment - Initialized StandardEnvironment with PropertySources [MapPropertySource@2011791487 {name='systemProperties', properties={java.runtime.name=Java(TM) SE Runtime Environment, sun.boot.library.path=D:\tools\java\jdk\jre\bin, java.vm.version=25.212-b10, java.vm.vendor=Oracle Corporation, java.vendor.url=http://java.oracle.com/, path.separator=;, java.vm.name=Java HotSpot(TM) 64-Bit Server VM, file.encoding.pkg=sun.io, user.country=CN, user.script=, sun.java.launcher=SUN_STANDARD, sun.os.patch.level=, java.vm.specification.name=Java Virtual Machine Specification, user.dir=D:\tools\!!!Spring boot\zhidian\VL, java.runtime.version=1.8.0_212-b10, basedir=D:\tools\!!!Spring boot\zhidian\VL, java.awt.graphicsenv=sun.awt.Win32GraphicsEnvironment, java.endorsed.dirs=D:\tools\java\jdk\jre\lib\endorsed, os.arch=amd64, surefire.real.class.path=C:\Users\sd\AppData\Local\Temp\surefire529610797428521720\surefirebooter4264464724975688841.jar, java.io.tmpdir=C:\Users\sd\AppData\Local\Temp\, line.separator=
, java.vm.specification.vendor=Oracle Corporation, user.variant=, os.name=Windows 10, sun.jnu.encoding=GBK, java.library.path=D:\tools\java\jdk\jre\bin;C:\Windows\Sun\Java\bin;C:\Windows\system32;C:\Windows;C:\Program Files (x86)\Common Files\Oracle\Java\javapath;C:\Windows\system32;C:\Windows;C:\Windows\System32\Wbem;C:\Windows\System32\WindowsPowerShell\v1.0\;C:\Windows\System32\OpenSSH\;C:\Program Files (x86)\NVIDIA Corporation\PhysX\Common;C:\Program Files\NVIDIA Corporation\NVIDIA NvDLISR;D:\tools\Git\cmd;C:\Program Files\TortoiseGit\bin;D:\tools\java\jdk\bin;D:\tools\java\apache-maven-3.3.9\bin;D:\tools\mongodb;\bin;D:\tools\erl\bin;D:\tools\rabbitmq\sbin;C:\Program Files\dotnet\;D:\tools\Git\mingw64\bin;D:\tools\Git\bin;D:\tools\Git\mingw64\libexec\git-core;C:\Users\sd\AppData\Local\Microsoft\WindowsApps;D:\tools\MinGW\mingw64\bin;D:\tools\mongodb;\bin;D:\tools\erl\bin;C:\Users\sd\.dotnet\tools;., surefire.test.class.path=D:\tools\!!!Spring boot\zhidian\VL\target\test-classes;D:\tools\!!!Spring boot\zhidian\VL\target\classes;D:\tools\java\apache-maven-3.3.9\userlib\org\springframework\boot\spring-boot-starter-web\2.0.6.RELEASE\spring-boot-starter-web-2.0.6.RELEASE.jar;D:\tools\java\apache-maven-3.3.9\userlib\org\springframework\boot\spring-boot-starter\2.0.6.RELEASE\spring-boot-starter-2.0.6.RELEASE.jar;D:\tools\java\apache-maven-3.3.9\userlib\org\springframework\boot\spring-boot-starter-logging\2.0.6.RELEASE\spring-boot-starter-logging-2.0.6.RELEASE.jar;D:\tools\java\apache-maven-3.3.9\userlib\ch\qos\logback\logback-classic\1.2.3\logback-classic-1.2.3.jar;D:\tools\java\apache-maven-3.3.9\userlib\ch\qos\logback\logback-core\1.2.3\logback-core-1.2.3.jar;D:\tools\java\apache-maven-3.3.9\userlib\org\apache\logging\log4j\log4j-to-slf4j\2.10.0\log4j-to-slf4j-2.10.0.jar;D:\tools\java\apache-maven-3.3.9\userlib\org\apache\logging\log4j\log4j-api\2.10.0\log4j-api-2.10.0.jar;D:\tools\java\apache-maven-3.3.9\userlib\org\slf4j\jul-to-slf4j\1.7.25\jul-to-slf4j-1.7.25.jar;D:\tools\java\apache-maven-3.3.9\userlib\javax\annotation\javax.annotation-api\1.3.2\javax.annotation-api-1.3.2.jar;D:\tools\java\apache-maven-3.3.9\userlib\org\yaml\snakeyaml\1.19\snakeyaml-1.19.jar;D:\tools\java\apache-maven-3.3.9\userlib\org\springframework\boot\spring-boot-starter-json\2.0.6.RELEASE\spring-boot-starter-json-2.0.6.RELEASE.jar;D:\tools\java\apache-maven-3.3.9\userlib\com\fasterxml\jackson\core\jackson-databind\2.9.7\jackson-databind-2.9.7.jar;D:\tools\java\apache-maven-3.3.9\userlib\com\fasterxml\jackson\core\jackson-core\2.9.7\jackson-core-2.9.7.jar;D:\tools\java\apache-maven-3.3.9\userlib\com\fasterxml\jackson\datatype\jackson-datatype-jdk8\2.9.7\jackson-datatype-jdk8-2.9.7.jar;D:\tools\java\apache-maven-3.3.9\userlib\com\fasterxml\jackson\datatype\jackson-datatype-jsr310\2.9.7\jackson-datatype-jsr310-2.9.7.jar;D:\tools\java\apache-maven-3.3.9\userlib\com\fasterxml\jackson\module\jackson-module-parameter-names\2.9.7\jackson-module-parameter-names-2.9.7.jar;D:\tools\java\apache-maven-3.3.9\userlib\org\springframework\boot\spring-boot-starter-tomcat\2.0.6.RELEASE\spring-boot-starter-tomcat-2.0.6.RELEASE.jar;D:\tools\java\apache-maven-3.3.9\userlib\org\apache\tomcat\embed\tomcat-embed-core\8.5.34\tomcat-embed-core-8.5.34.jar;D:\tools\java\apache-maven-3.3.9\userlib\org\apache\tomcat\embed\tomcat-embed-el\8.5.34\tomcat-embed-el-8.5.34.jar;D:\tools\java\apache-maven-3.3.9\userlib\org\apache\tomcat\embed\tomcat-embed-websocket\8.5.34\tomcat-embed-websocket-8.5.34.jar;D:\tools\java\apache-maven-3.3.9\userlib\org\hibernate\validator\hibernate-validator\6.0.13.Final\hibernate-validator-6.0.13.Final.jar;D:\tools\java\apache-maven-3.3.9\userlib\javax\validation\validation-api\2.0.1.Final\validation-api-2.0.1.Final.jar;D:\tools\java\apache-maven-3.3.9\userlib\org\jboss\logging\jboss-logging\3.3.2.Final\jboss-logging-3.3.2.Final.jar;D:\tools\java\apache-maven-3.3.9\userlib\org\springframework\spring-web\5.0.10.RELEASE\spring-web-5.0.10.RELEASE.jar;D:\tools\java\apache-maven-3.3.9\userlib\org\springframework\spring-beans\5.0.10.RELEASE\spring-beans-5.0.10.RELEASE.jar;D:\tools\java\apache-maven-3.3.9\userlib\org\springframework\spring-webmvc\5.0.10.RELEASE\spring-webmvc-5.0.10.RELEASE.jar;D:\tools\java\apache-maven-3.3.9\userlib\org\springframework\spring-aop\5.0.10.RELEASE\spring-aop-5.0.10.RELEASE.jar;D:\tools\java\apache-maven-3.3.9\userlib\org\springframework\spring-expression\5.0.10.RELEASE\spring-expression-5.0.10.RELEASE.jar;D:\tools\java\apache-maven-3.3.9\userlib\org\springframework\boot\spring-boot-starter-mail\2.0.6.RELEASE\spring-boot-starter-mail-2.0.6.RELEASE.jar;D:\tools\java\apache-maven-3.3.9\userlib\org\springframework\spring-context\5.0.10.RELEASE\spring-context-5.0.10.RELEASE.jar;D:\tools\java\apache-maven-3.3.9\userlib\org\springframework\spring-context-support\5.0.10.RELEASE\spring-context-support-5.0.10.RELEASE.jar;D:\tools\java\apache-maven-3.3.9\userlib\com\sun\mail\javax.mail\1.6.2\javax.mail-1.6.2.jar;D:\tools\java\apache-maven-3.3.9\userlib\javax\activation\activation\1.1\activation-1.1.jar;D:\tools\java\apache-maven-3.3.9\userlib\de\codecentric\spring-boot-admin-starter-server\2.0.2\spring-boot-admin-starter-server-2.0.2.jar;D:\tools\java\apache-maven-3.3.9\userlib\de\codecentric\spring-boot-admin-server\2.0.2\spring-boot-admin-server-2.0.2.jar;D:\tools\java\apache-maven-3.3.9\userlib\org\springframework\boot\spring-boot-starter-webflux\2.0.6.RELEASE\spring-boot-starter-webflux-2.0.6.RELEASE.jar;D:\tools\java\apache-maven-3.3.9\userlib\org\springframework\boot\spring-boot-starter-reactor-netty\2.0.6.RELEASE\spring-boot-starter-reactor-netty-2.0.6.RELEASE.jar;D:\tools\java\apache-maven-3.3.9\userlib\io\projectreactor\ipc\reactor-netty\0.7.10.RELEASE\reactor-netty-0.7.10.RELEASE.jar;D:\tools\java\apache-maven-3.3.9\userlib\io\netty\netty-codec-http\4.1.29.Final\netty-codec-http-4.1.29.Final.jar;D:\tools\java\apache-maven-3.3.9\userlib\io\netty\netty-codec\4.1.29.Final\netty-codec-4.1.29.Final.jar;D:\tools\java\apache-maven-3.3.9\userlib\io\netty\netty-handler\4.1.29.Final\netty-handler-4.1.29.Final.jar;D:\tools\java\apache-maven-3.3.9\userlib\io\netty\netty-buffer\4.1.29.Final\netty-buffer-4.1.29.Final.jar;D:\tools\java\apache-maven-3.3.9\userlib\io\netty\netty-transport\4.1.29.Final\netty-transport-4.1.29.Final.jar;D:\tools\java\apache-maven-3.3.9\userlib\io\netty\netty-resolver\4.1.29.Final\netty-resolver-4.1.29.Final.jar;D:\tools\java\apache-maven-3.3.9\userlib\io\netty\netty-handler-proxy\4.1.29.Final\netty-handler-proxy-4.1.29.Final.jar;D:\tools\java\apache-maven-3.3.9\userlib\io\netty\netty-codec-socks\4.1.29.Final\netty-codec-socks-4.1.29.Final.jar;D:\tools\java\apache-maven-3.3.9\userlib\io\netty\netty-transport-native-epoll\4.1.29.Final\netty-transport-native-epoll-4.1.29.Final-linux-x86_64.jar;D:\tools\java\apache-maven-3.3.9\userlib\io\netty\netty-common\4.1.29.Final\netty-common-4.1.29.Final.jar;D:\tools\java\apache-maven-3.3.9\userlib\io\netty\netty-transport-native-unix-common\4.1.29.Final\netty-transport-native-unix-common-4.1.29.Final.jar;D:\tools\java\apache-maven-3.3.9\userlib\org\springframework\spring-webflux\5.0.10.RELEASE\spring-webflux-5.0.10.RELEASE.jar;D:\tools\java\apache-maven-3.3.9\userlib\org\synchronoss\cloud\nio-multipart-parser\1.1.0\nio-multipart-parser-1.1.0.jar;D:\tools\java\apache-maven-3.3.9\userlib\org\synchronoss\cloud\nio-stream-storage\1.1.3\nio-stream-storage-1.1.3.jar;D:\tools\java\apache-maven-3.3.9\userlib\org\springframework\boot\spring-boot-starter-thymeleaf\2.0.6.RELEASE\spring-boot-starter-thymeleaf-2.0.6.RELEASE.jar;D:\tools\java\apache-maven-3.3.9\userlib\org\thymeleaf\thymeleaf-spring5\3.0.10.RELEASE\thymeleaf-spring5-3.0.10.RELEASE.jar;D:\tools\java\apache-maven-3.3.9\userlib\org\thymeleaf\thymeleaf\3.0.10.RELEASE\thymeleaf-3.0.10.RELEASE.jar;D:\tools\java\apache-maven-3.3.9\userlib\org\attoparser\attoparser\2.0.5.RELEASE\attoparser-2.0.5.RELEASE.jar;D:\tools\java\apache-maven-3.3.9\userlib\org\unbescape\unbescape\1.1.6.RELEASE\unbescape-1.1.6.RELEASE.jar;D:\tools\java\apache-maven-3.3.9\userlib\org\thymeleaf\extras\thymeleaf-extras-java8time\3.0.1.RELEASE\thymeleaf-extras-java8time-3.0.1.RELEASE.jar;D:\tools\java\apache-maven-3.3.9\userlib\org\springframework\boot\spring-boot-starter-actuator\2.0.6.RELEASE\spring-boot-starter-actuator-2.0.6.RELEASE.jar;D:\tools\java\apache-maven-3.3.9\userlib\org\springframework\boot\spring-boot-actuator-autoconfigure\2.0.6.RELEASE\spring-boot-actuator-autoconfigure-2.0.6.RELEASE.jar;D:\tools\java\apache-maven-3.3.9\userlib\org\springframework\boot\spring-boot-actuator\2.0.6.RELEASE\spring-boot-actuator-2.0.6.RELEASE.jar;D:\tools\java\apache-maven-3.3.9\userlib\io\micrometer\micrometer-core\1.0.7\micrometer-core-1.0.7.jar;D:\tools\java\apache-maven-3.3.9\userlib\org\hdrhistogram\HdrHistogram\2.1.10\HdrHistogram-2.1.10.jar;D:\tools\java\apache-maven-3.3.9\userlib\org\latencyutils\LatencyUtils\2.0.3\LatencyUtils-2.0.3.jar;D:\tools\java\apache-maven-3.3.9\userlib\io\projectreactor\addons\reactor-extra\3.1.7.RELEASE\reactor-extra-3.1.7.RELEASE.jar;D:\tools\java\apache-maven-3.3.9\userlib\io\projectreactor\reactor-core\3.1.10.RELEASE\reactor-core-3.1.10.RELEASE.jar;D:\tools\java\apache-maven-3.3.9\userlib\org\reactivestreams\reactive-streams\1.0.2\reactive-streams-1.0.2.jar;D:\tools\java\apache-maven-3.3.9\userlib\de\codecentric\spring-boot-admin-server-ui\2.0.2\spring-boot-admin-server-ui-2.0.2.jar;D:\tools\java\apache-maven-3.3.9\userlib\de\codecentric\spring-boot-admin-server-cloud\2.0.2\spring-boot-admin-server-cloud-2.0.2.jar;D:\tools\java\apache-maven-3.3.9\userlib\org\springframework\boot\spring-boot-configuration-processor\2.0.6.RELEASE\spring-boot-configuration-processor-2.0.6.RELEASE.jar;D:\tools\java\apache-maven-3.3.9\userlib\org\springframework\boot\spring-boot-devtools\2.0.6.RELEASE\spring-boot-devtools-2.0.6.RELEASE.jar;D:\tools\java\apache-maven-3.3.9\userlib\org\springframework\boot\spring-boot\2.0.6.RELEASE\spring-boot-2.0.6.RELEASE.jar;D:\tools\java\apache-maven-3.3.9\userlib\org\springframework\boot\spring-boot-autoconfigure\2.0.6.RELEASE\spring-boot-autoconfigure-2.0.6.RELEASE.jar;D:\tools\java\apache-maven-3.3.9\userlib\org\springframework\boot\spring-boot-starter-test\2.0.6.RELEASE\spring-boot-starter-test-2.0.6.RELEASE.jar;D:\tools\java\apache-maven-3.3.9\userlib\org\springframework\boot\spring-boot-test\2.0.6.RELEASE\spring-boot-test-2.0.6.RELEASE.jar;D:\tools\java\apache-maven-3.3.9\userlib\org\springframework\boot\spring-boot-test-autoconfigure\2.0.6.RELEASE\spring-boot-test-autoconfigure-2.0.6.RELEASE.jar;D:\tools\java\apache-maven-3.3.9\userlib\com\jayway\jsonpath\json-path\2.4.0\json-path-2.4.0.jar;D:\tools\java\apache-maven-3.3.9\userlib\net\minidev\json-smart\2.3\json-smart-2.3.jar;D:\tools\java\apache-maven-3.3.9\userlib\net\minidev\accessors-smart\1.2\accessors-smart-1.2.jar;D:\tools\java\apache-maven-3.3.9\userlib\org\ow2\asm\asm\5.0.4\asm-5.0.4.jar;D:\tools\java\apache-maven-3.3.9\userlib\junit\junit\4.12\junit-4.12.jar;D:\tools\java\apache-maven-3.3.9\userlib\org\assertj\assertj-core\3.9.1\assertj-core-3.9.1.jar;D:\tools\java\apache-maven-3.3.9\userlib\org\mockito\mockito-core\2.15.0\mockito-core-2.15.0.jar;D:\tools\java\apache-maven-3.3.9\userlib\net\bytebuddy\byte-buddy\1.7.11\byte-buddy-1.7.11.jar;D:\tools\java\apache-maven-3.3.9\userlib\net\bytebuddy\byte-buddy-agent\1.7.11\byte-buddy-agent-1.7.11.jar;D:\tools\java\apache-maven-3.3.9\userlib\org\objenesis\objenesis\2.6\objenesis-2.6.jar;D:\tools\java\apache-maven-3.3.9\userlib\org\hamcrest\hamcrest-core\1.3\hamcrest-core-1.3.jar;D:\tools\java\apache-maven-3.3.9\userlib\org\hamcrest\hamcrest-library\1.3\hamcrest-library-1.3.jar;D:\tools\java\apache-maven-3.3.9\userlib\org\skyscreamer\jsonassert\1.5.0\jsonassert-1.5.0.jar;D:\tools\java\apache-maven-3.3.9\userlib\org\springframework\spring-core\5.0.10.RELEASE\spring-core-5.0.10.RELEASE.jar;D:\tools\java\apache-maven-3.3.9\userlib\org\springframework\spring-jcl\5.0.10.RELEASE\spring-jcl-5.0.10.RELEASE.jar;D:\tools\java\apache-maven-3.3.9\userlib\org\springframework\spring-test\5.0.10.RELEASE\spring-test-5.0.10.RELEASE.jar;D:\tools\java\apache-maven-3.3.9\userlib\org\xmlunit\xmlunit-core\2.5.1\xmlunit-core-2.5.1.jar;D:\tools\java\apache-maven-3.3.9\userlib\org\projectlombok\lombok\1.18.22\lombok-1.18.22.jar;D:\tools\java\apache-maven-3.3.9\userlib\mysql\mysql-connector-java\8.0.28\mysql-connector-java-8.0.28.jar;D:\tools\java\apache-maven-3.3.9\userlib\com\google\protobuf\protobuf-java\3.11.4\protobuf-java-3.11.4.jar;D:\tools\java\apache-maven-3.3.9\userlib\io\springfox\springfox-swagger2\2.9.2\springfox-swagger2-2.9.2.jar;D:\tools\java\apache-maven-3.3.9\userlib\io\swagger\swagger-annotations\1.5.20\swagger-annotations-1.5.20.jar;D:\tools\java\apache-maven-3.3.9\userlib\io\swagger\swagger-models\1.5.20\swagger-models-1.5.20.jar;D:\tools\java\apache-maven-3.3.9\userlib\com\fasterxml\jackson\core\jackson-annotations\2.9.0\jackson-annotations-2.9.0.jar;D:\tools\java\apache-maven-3.3.9\userlib\io\springfox\springfox-spi\2.9.2\springfox-spi-2.9.2.jar;D:\tools\java\apache-maven-3.3.9\userlib\io\springfox\springfox-core\2.9.2\springfox-core-2.9.2.jar;D:\tools\java\apache-maven-3.3.9\userlib\io\springfox\springfox-schema\2.9.2\springfox-schema-2.9.2.jar;D:\tools\java\apache-maven-3.3.9\userlib\io\springfox\springfox-swagger-common\2.9.2\springfox-swagger-common-2.9.2.jar;D:\tools\java\apache-maven-3.3.9\userlib\io\springfox\springfox-spring-web\2.9.2\springfox-spring-web-2.9.2.jar;D:\tools\java\apache-maven-3.3.9\userlib\com\google\guava\guava\20.0\guava-20.0.jar;D:\tools\java\apache-maven-3.3.9\userlib\com\fasterxml\classmate\1.3.4\classmate-1.3.4.jar;D:\tools\java\apache-maven-3.3.9\userlib\org\slf4j\slf4j-api\1.7.25\slf4j-api-1.7.25.jar;D:\tools\java\apache-maven-3.3.9\userlib\org\springframework\plugin\spring-plugin-core\1.2.0.RELEASE\spring-plugin-core-1.2.0.RELEASE.jar;D:\tools\java\apache-maven-3.3.9\userlib\org\springframework\plugin\spring-plugin-metadata\1.2.0.RELEASE\spring-plugin-metadata-1.2.0.RELEASE.jar;D:\tools\java\apache-maven-3.3.9\userlib\org\mapstruct\mapstruct\1.2.0.Final\mapstruct-1.2.0.Final.jar;D:\tools\java\apache-maven-3.3.9\userlib\io\springfox\springfox-swagger-ui\2.9.2\springfox-swagger-ui-2.9.2.jar;D:\tools\java\apache-maven-3.3.9\userlib\net\sourceforge\htmlunit\htmlunit\2.49.1\htmlunit-2.49.1.jar;D:\tools\java\apache-maven-3.3.9\userlib\xalan\xalan\2.7.2\xalan-2.7.2.jar;D:\tools\java\apache-maven-3.3.9\userlib\xalan\serializer\2.7.2\serializer-2.7.2.jar;D:\tools\java\apache-maven-3.3.9\userlib\org\apache\commons\commons-lang3\3.7\commons-lang3-3.7.jar;D:\tools\java\apache-maven-3.3.9\userlib\org\apache\commons\commons-text\1.9\commons-text-1.9.jar;D:\tools\java\apache-maven-3.3.9\userlib\org\apache\httpcomponents\httpmime\4.5.6\httpmime-4.5.6.jar;D:\tools\java\apache-maven-3.3.9\userlib\org\apache\httpcomponents\httpclient\4.5.6\httpclient-4.5.6.jar;D:\tools\java\apache-maven-3.3.9\userlib\org\apache\httpcomponents\httpcore\4.4.10\httpcore-4.4.10.jar;D:\tools\java\apache-maven-3.3.9\userlib\commons-codec\commons-codec\1.11\commons-codec-1.11.jar;D:\tools\java\apache-maven-3.3.9\userlib\net\sourceforge\htmlunit\htmlunit-core-js\2.49.0\htmlunit-core-js-2.49.0.jar;D:\tools\java\apache-maven-3.3.9\userlib\net\sourceforge\htmlunit\neko-htmlunit\2.49.0\neko-htmlunit-2.49.0.jar;D:\tools\java\apache-maven-3.3.9\userlib\xerces\xercesImpl\2.12.0\xercesImpl-2.12.0.jar;D:\tools\java\apache-maven-3.3.9\userlib\xml-apis\xml-apis\1.4.01\xml-apis-1.4.01.jar;D:\tools\java\apache-maven-3.3.9\userlib\net\sourceforge\htmlunit\htmlunit-cssparser\1.7.0\htmlunit-cssparser-1.7.0.jar;D:\tools\java\apache-maven-3.3.9\userlib\commons-io\commons-io\2.8.0\commons-io-2.8.0.jar;D:\tools\java\apache-maven-3.3.9\userlib\commons-net\commons-net\3.8.0\commons-net-3.8.0.jar;D:\tools\java\apache-maven-3.3.9\userlib\org\brotli\dec\0.1.2\dec-0.1.2.jar;D:\tools\java\apache-maven-3.3.9\userlib\com\shapesecurity\salvation2\3.0.0\salvation2-3.0.0.jar;D:\tools\java\apache-maven-3.3.9\userlib\org\eclipse\jetty\websocket\websocket-client\9.4.12.v20180830\websocket-client-9.4.12.v20180830.jar;D:\tools\java\apache-maven-3.3.9\userlib\org\eclipse\jetty\jetty-client\9.4.12.v20180830\jetty-client-9.4.12.v20180830.jar;D:\tools\java\apache-maven-3.3.9\userlib\org\eclipse\jetty\jetty-http\9.4.12.v20180830\jetty-http-9.4.12.v20180830.jar;D:\tools\java\apache-maven-3.3.9\userlib\org\eclipse\jetty\jetty-xml\9.4.12.v20180830\jetty-xml-9.4.12.v20180830.jar;D:\tools\java\apache-maven-3.3.9\userlib\org\eclipse\jetty\jetty-util\9.4.12.v20180830\jetty-util-9.4.12.v20180830.jar;D:\tools\java\apache-maven-3.3.9\userlib\org\eclipse\jetty\jetty-io\9.4.12.v20180830\jetty-io-9.4.12.v20180830.jar;D:\tools\java\apache-maven-3.3.9\userlib\org\eclipse\jetty\websocket\websocket-common\9.4.12.v20180830\websocket-common-9.4.12.v20180830.jar;D:\tools\java\apache-maven-3.3.9\userlib\org\eclipse\jetty\websocket\websocket-api\9.4.12.v20180830\websocket-api-9.4.12.v20180830.jar;D:\tools\java\apache-maven-3.3.9\userlib\org\json\json\20210307\json-20210307.jar;, java.specification.name=Java Platform API Specification, java.class.version=52.0, sun.management.compiler=HotSpot 64-Bit Tiered Compilers, os.version=10.0, idea.version2019.3.2=true, user.home=C:\Users\sd, user.timezone=Asia/Shanghai, java.awt.printerjob=sun.awt.windows.WPrinterJob, file.encoding=GBK, java.specification.version=1.8, java.class.path=D:\tools\!!!Spring boot\zhidian\VL\target\test-classes;D:\tools\!!!Spring boot\zhidian\VL\target\classes;D:\tools\java\apache-maven-3.3.9\userlib\org\springframework\boot\spring-boot-starter-web\2.0.6.RELEASE\spring-boot-starter-web-2.0.6.RELEASE.jar;D:\tools\java\apache-maven-3.3.9\userlib\org\springframework\boot\spring-boot-starter\2.0.6.RELEASE\spring-boot-starter-2.0.6.RELEASE.jar;D:\tools\java\apache-maven-3.3.9\userlib\org\springframework\boot\spring-boot-starter-logging\2.0.6.RELEASE\spring-boot-starter-logging-2.0.6.RELEASE.jar;D:\tools\java\apache-maven-3.3.9\userlib\ch\qos\logback\logback-classic\1.2.3\logback-classic-1.2.3.jar;D:\tools\java\apache-maven-3.3.9\userlib\ch\qos\logback\logback-core\1.2.3\logback-core-1.2.3.jar;D:\tools\java\apache-maven-3.3.9\userlib\org\apache\logging\log4j\log4j-to-slf4j\2.10.0\log4j-to-slf4j-2.10.0.jar;D:\tools\java\apache-maven-3.3.9\userlib\org\apache\logging\log4j\log4j-api\2.10.0\log4j-api-2.10.0.jar;D:\tools\java\apache-maven-3.3.9\userlib\org\slf4j\jul-to-slf4j\1.7.25\jul-to-slf4j-1.7.25.jar;D:\tools\java\apache-maven-3.3.9\userlib\javax\annotation\javax.annotation-api\1.3.2\javax.annotation-api-1.3.2.jar;D:\tools\java\apache-maven-3.3.9\userlib\org\yaml\snakeyaml\1.19\snakeyaml-1.19.jar;D:\tools\java\apache-maven-3.3.9\userlib\org\springframework\boot\spring-boot-starter-json\2.0.6.RELEASE\spring-boot-starter-json-2.0.6.RELEASE.jar;D:\tools\java\apache-maven-3.3.9\userlib\com\fasterxml\jackson\core\jackson-databind\2.9.7\jackson-databind-2.9.7.jar;D:\tools\java\apache-maven-3.3.9\userlib\com\fasterxml\jackson\core\jackson-core\2.9.7\jackson-core-2.9.7.jar;D:\tools\java\apache-maven-3.3.9\userlib\com\fasterxml\jackson\datatype\jackson-datatype-jdk8\2.9.7\jackson-datatype-jdk8-2.9.7.jar;D:\tools\java\apache-maven-3.3.9\userlib\com\fasterxml\jackson\datatype\jackson-datatype-jsr310\2.9.7\jackson-datatype-jsr310-2.9.7.jar;D:\tools\java\apache-maven-3.3.9\userlib\com\fasterxml\jackson\module\jackson-module-parameter-names\2.9.7\jackson-module-parameter-names-2.9.7.jar;D:\tools\java\apache-maven-3.3.9\userlib\org\springframework\boot\spring-boot-starter-tomcat\2.0.6.RELEASE\spring-boot-starter-tomcat-2.0.6.RELEASE.jar;D:\tools\java\apache-maven-3.3.9\userlib\org\apache\tomcat\embed\tomcat-embed-core\8.5.34\tomcat-embed-core-8.5.34.jar;D:\tools\java\apache-maven-3.3.9\userlib\org\apache\tomcat\embed\tomcat-embed-el\8.5.34\tomcat-embed-el-8.5.34.jar;D:\tools\java\apache-maven-3.3.9\userlib\org\apache\tomcat\embed\tomcat-embed-websocket\8.5.34\tomcat-embed-websocket-8.5.34.jar;D:\tools\java\apache-maven-3.3.9\userlib\org\hibernate\validator\hibernate-validator\6.0.13.Final\hibernate-validator-6.0.13.Final.jar;D:\tools\java\apache-maven-3.3.9\userlib\javax\validation\validation-api\2.0.1.Final\validation-api-2.0.1.Final.jar;D:\tools\java\apache-maven-3.3.9\userlib\org\jboss\logging\jboss-logging\3.3.2.Final\jboss-logging-3.3.2.Final.jar;D:\tools\java\apache-maven-3.3.9\userlib\org\springframework\spring-web\5.0.10.RELEASE\spring-web-5.0.10.RELEASE.jar;D:\tools\java\apache-maven-3.3.9\userlib\org\springframework\spring-beans\5.0.10.RELEASE\spring-beans-5.0.10.RELEASE.jar;D:\tools\java\apache-maven-3.3.9\userlib\org\springframework\spring-webmvc\5.0.10.RELEASE\spring-webmvc-5.0.10.RELEASE.jar;D:\tools\java\apache-maven-3.3.9\userlib\org\springframework\spring-aop\5.0.10.RELEASE\spring-aop-5.0.10.RELEASE.jar;D:\tools\java\apache-maven-3.3.9\userlib\org\springframework\spring-expression\5.0.10.RELEASE\spring-expression-5.0.10.RELEASE.jar;D:\tools\java\apache-maven-3.3.9\userlib\org\springframework\boot\spring-boot-starter-mail\2.0.6.RELEASE\spring-boot-starter-mail-2.0.6.RELEASE.jar;D:\tools\java\apache-maven-3.3.9\userlib\org\springframework\spring-context\5.0.10.RELEASE\spring-context-5.0.10.RELEASE.jar;D:\tools\java\apache-maven-3.3.9\userlib\org\springframework\spring-context-support\5.0.10.RELEASE\spring-context-support-5.0.10.RELEASE.jar;D:\tools\java\apache-maven-3.3.9\userlib\com\sun\mail\javax.mail\1.6.2\javax.mail-1.6.2.jar;D:\tools\java\apache-maven-3.3.9\userlib\javax\activation\activation\1.1\activation-1.1.jar;D:\tools\java\apache-maven-3.3.9\userlib\de\codecentric\spring-boot-admin-starter-server\2.0.2\spring-boot-admin-starter-server-2.0.2.jar;D:\tools\java\apache-maven-3.3.9\userlib\de\codecentric\spring-boot-admin-server\2.0.2\spring-boot-admin-server-2.0.2.jar;D:\tools\java\apache-maven-3.3.9\userlib\org\springframework\boot\spring-boot-starter-webflux\2.0.6.RELEASE\spring-boot-starter-webflux-2.0.6.RELEASE.jar;D:\tools\java\apache-maven-3.3.9\userlib\org\springframework\boot\spring-boot-starter-reactor-netty\2.0.6.RELEASE\spring-boot-starter-reactor-netty-2.0.6.RELEASE.jar;D:\tools\java\apache-maven-3.3.9\userlib\io\projectreactor\ipc\reactor-netty\0.7.10.RELEASE\reactor-netty-0.7.10.RELEASE.jar;D:\tools\java\apache-maven-3.3.9\userlib\io\netty\netty-codec-http\4.1.29.Final\netty-codec-http-4.1.29.Final.jar;D:\tools\java\apache-maven-3.3.9\userlib\io\netty\netty-codec\4.1.29.Final\netty-codec-4.1.29.Final.jar;D:\tools\java\apache-maven-3.3.9\userlib\io\netty\netty-handler\4.1.29.Final\netty-handler-4.1.29.Final.jar;D:\tools\java\apache-maven-3.3.9\userlib\io\netty\netty-buffer\4.1.29.Final\netty-buffer-4.1.29.Final.jar;D:\tools\java\apache-maven-3.3.9\userlib\io\netty\netty-transport\4.1.29.Final\netty-transport-4.1.29.Final.jar;D:\tools\java\apache-maven-3.3.9\userlib\io\netty\netty-resolver\4.1.29.Final\netty-resolver-4.1.29.Final.jar;D:\tools\java\apache-maven-3.3.9\userlib\io\netty\netty-handler-proxy\4.1.29.Final\netty-handler-proxy-4.1.29.Final.jar;D:\tools\java\apache-maven-3.3.9\userlib\io\netty\netty-codec-socks\4.1.29.Final\netty-codec-socks-4.1.29.Final.jar;D:\tools\java\apache-maven-3.3.9\userlib\io\netty\netty-transport-native-epoll\4.1.29.Final\netty-transport-native-epoll-4.1.29.Final-linux-x86_64.jar;D:\tools\java\apache-maven-3.3.9\userlib\io\netty\netty-common\4.1.29.Final\netty-common-4.1.29.Final.jar;D:\tools\java\apache-maven-3.3.9\userlib\io\netty\netty-transport-native-unix-common\4.1.29.Final\netty-transport-native-unix-common-4.1.29.Final.jar;D:\tools\java\apache-maven-3.3.9\userlib\org\springframework\spring-webflux\5.0.10.RELEASE\spring-webflux-5.0.10.RELEASE.jar;D:\tools\java\apache-maven-3.3.9\userlib\org\synchronoss\cloud\nio-multipart-parser\1.1.0\nio-multipart-parser-1.1.0.jar;D:\tools\java\apache-maven-3.3.9\userlib\org\synchronoss\cloud\nio-stream-storage\1.1.3\nio-stream-storage-1.1.3.jar;D:\tools\java\apache-maven-3.3.9\userlib\org\springframework\boot\spring-boot-starter-thymeleaf\2.0.6.RELEASE\spring-boot-starter-thymeleaf-2.0.6.RELEASE.jar;D:\tools\java\apache-maven-3.3.9\userlib\org\thymeleaf\thymeleaf-spring5\3.0.10.RELEASE\thymeleaf-spring5-3.0.10.RELEASE.jar;D:\tools\java\apache-maven-3.3.9\userlib\org\thymeleaf\thymeleaf\3.0.10.RELEASE\thymeleaf-3.0.10.RELEASE.jar;D:\tools\java\apache-maven-3.3.9\userlib\org\attoparser\attoparser\2.0.5.RELEASE\attoparser-2.0.5.RELEASE.jar;D:\tools\java\apache-maven-3.3.9\userlib\org\unbescape\unbescape\1.1.6.RELEASE\unbescape-1.1.6.RELEASE.jar;D:\tools\java\apache-maven-3.3.9\userlib\org\thymeleaf\extras\thymeleaf-extras-java8time\3.0.1.RELEASE\thymeleaf-extras-java8time-3.0.1.RELEASE.jar;D:\tools\java\apache-maven-3.3.9\userlib\org\springframework\boot\spring-boot-starter-actuator\2.0.6.RELEASE\spring-boot-starter-actuator-2.0.6.RELEASE.jar;D:\tools\java\apache-maven-3.3.9\userlib\org\springframework\boot\spring-boot-actuator-autoconfigure\2.0.6.RELEASE\spring-boot-actuator-autoconfigure-2.0.6.RELEASE.jar;D:\tools\java\apache-maven-3.3.9\userlib\org\springframework\boot\spring-boot-actuator\2.0.6.RELEASE\spring-boot-actuator-2.0.6.RELEASE.jar;D:\tools\java\apache-maven-3.3.9\userlib\io\micrometer\micrometer-core\1.0.7\micrometer-core-1.0.7.jar;D:\tools\java\apache-maven-3.3.9\userlib\org\hdrhistogram\HdrHistogram\2.1.10\HdrHistogram-2.1.10.jar;D:\tools\java\apache-maven-3.3.9\userlib\org\latencyutils\LatencyUtils\2.0.3\LatencyUtils-2.0.3.jar;D:\tools\java\apache-maven-3.3.9\userlib\io\projectreactor\addons\reactor-extra\3.1.7.RELEASE\reactor-extra-3.1.7.RELEASE.jar;D:\tools\java\apache-maven-3.3.9\userlib\io\projectreactor\reactor-core\3.1.10.RELEASE\reactor-core-3.1.10.RELEASE.jar;D:\tools\java\apache-maven-3.3.9\userlib\org\reactivestreams\reactive-streams\1.0.2\reactive-streams-1.0.2.jar;D:\tools\java\apache-maven-3.3.9\userlib\de\codecentric\spring-boot-admin-server-ui\2.0.2\spring-boot-admin-server-ui-2.0.2.jar;D:\tools\java\apache-maven-3.3.9\userlib\de\codecentric\spring-boot-admin-server-cloud\2.0.2\spring-boot-admin-server-cloud-2.0.2.jar;D:\tools\java\apache-maven-3.3.9\userlib\org\springframework\boot\spring-boot-configuration-processor\2.0.6.RELEASE\spring-boot-configuration-processor-2.0.6.RELEASE.jar;D:\tools\java\apache-maven-3.3.9\userlib\org\springframework\boot\spring-boot-devtools\2.0.6.RELEASE\spring-boot-devtools-2.0.6.RELEASE.jar;D:\tools\java\apache-maven-3.3.9\userlib\org\springframework\boot\spring-boot\2.0.6.RELEASE\spring-boot-2.0.6.RELEASE.jar;D:\tools\java\apache-maven-3.3.9\userlib\org\springframework\boot\spring-boot-autoconfigure\2.0.6.RELEASE\spring-boot-autoconfigure-2.0.6.RELEASE.jar;D:\tools\java\apache-maven-3.3.9\userlib\org\springframework\boot\spring-boot-starter-test\2.0.6.RELEASE\spring-boot-starter-test-2.0.6.RELEASE.jar;D:\tools\java\apache-maven-3.3.9\userlib\org\springframework\boot\spring-boot-test\2.0.6.RELEASE\spring-boot-test-2.0.6.RELEASE.jar;D:\tools\java\apache-maven-3.3.9\userlib\org\springframework\boot\spring-boot-test-autoconfigure\2.0.6.RELEASE\spring-boot-test-autoconfigure-2.0.6.RELEASE.jar;D:\tools\java\apache-maven-3.3.9\userlib\com\jayway\jsonpath\json-path\2.4.0\json-path-2.4.0.jar;D:\tools\java\apache-maven-3.3.9\userlib\net\minidev\json-smart\2.3\json-smart-2.3.jar;D:\tools\java\apache-maven-3.3.9\userlib\net\minidev\accessors-smart\1.2\accessors-smart-1.2.jar;D:\tools\java\apache-maven-3.3.9\userlib\org\ow2\asm\asm\5.0.4\asm-5.0.4.jar;D:\tools\java\apache-maven-3.3.9\userlib\junit\junit\4.12\junit-4.12.jar;D:\tools\java\apache-maven-3.3.9\userlib\org\assertj\assertj-core\3.9.1\assertj-core-3.9.1.jar;D:\tools\java\apache-maven-3.3.9\userlib\org\mockito\mockito-core\2.15.0\mockito-core-2.15.0.jar;D:\tools\java\apache-maven-3.3.9\userlib\net\bytebuddy\byte-buddy\1.7.11\byte-buddy-1.7.11.jar;D:\tools\java\apache-maven-3.3.9\userlib\net\bytebuddy\byte-buddy-agent\1.7.11\byte-buddy-agent-1.7.11.jar;D:\tools\java\apache-maven-3.3.9\userlib\org\objenesis\objenesis\2.6\objenesis-2.6.jar;D:\tools\java\apache-maven-3.3.9\userlib\org\hamcrest\hamcrest-core\1.3\hamcrest-core-1.3.jar;D:\tools\java\apache-maven-3.3.9\userlib\org\hamcrest\hamcrest-library\1.3\hamcrest-library-1.3.jar;D:\tools\java\apache-maven-3.3.9\userlib\org\skyscreamer\jsonassert\1.5.0\jsonassert-1.5.0.jar;D:\tools\java\apache-maven-3.3.9\userlib\org\springframework\spring-core\5.0.10.RELEASE\spring-core-5.0.10.RELEASE.jar;D:\tools\java\apache-maven-3.3.9\userlib\org\springframework\spring-jcl\5.0.10.RELEASE\spring-jcl-5.0.10.RELEASE.jar;D:\tools\java\apache-maven-3.3.9\userlib\org\springframework\spring-test\5.0.10.RELEASE\spring-test-5.0.10.RELEASE.jar;D:\tools\java\apache-maven-3.3.9\userlib\org\xmlunit\xmlunit-core\2.5.1\xmlunit-core-2.5.1.jar;D:\tools\java\apache-maven-3.3.9\userlib\org\projectlombok\lombok\1.18.22\lombok-1.18.22.jar;D:\tools\java\apache-maven-3.3.9\userlib\mysql\mysql-connector-java\8.0.28\mysql-connector-java-8.0.28.jar;D:\tools\java\apache-maven-3.3.9\userlib\com\google\protobuf\protobuf-java\3.11.4\protobuf-java-3.11.4.jar;D:\tools\java\apache-maven-3.3.9\userlib\io\springfox\springfox-swagger2\2.9.2\springfox-swagger2-2.9.2.jar;D:\tools\java\apache-maven-3.3.9\userlib\io\swagger\swagger-annotations\1.5.20\swagger-annotations-1.5.20.jar;D:\tools\java\apache-maven-3.3.9\userlib\io\swagger\swagger-models\1.5.20\swagger-models-1.5.20.jar;D:\tools\java\apache-maven-3.3.9\userlib\com\fasterxml\jackson\core\jackson-annotations\2.9.0\jackson-annotations-2.9.0.jar;D:\tools\java\apache-maven-3.3.9\userlib\io\springfox\springfox-spi\2.9.2\springfox-spi-2.9.2.jar;D:\tools\java\apache-maven-3.3.9\userlib\io\springfox\springfox-core\2.9.2\springfox-core-2.9.2.jar;D:\tools\java\apache-maven-3.3.9\userlib\io\springfox\springfox-schema\2.9.2\springfox-schema-2.9.2.jar;D:\tools\java\apache-maven-3.3.9\userlib\io\springfox\springfox-swagger-common\2.9.2\springfox-swagger-common-2.9.2.jar;D:\tools\java\apache-maven-3.3.9\userlib\io\springfox\springfox-spring-web\2.9.2\springfox-spring-web-2.9.2.jar;D:\tools\java\apache-maven-3.3.9\userlib\com\google\guava\guava\20.0\guava-20.0.jar;D:\tools\java\apache-maven-3.3.9\userlib\com\fasterxml\classmate\1.3.4\classmate-1.3.4.jar;D:\tools\java\apache-maven-3.3.9\userlib\org\slf4j\slf4j-api\1.7.25\slf4j-api-1.7.25.jar;D:\tools\java\apache-maven-3.3.9\userlib\org\springframework\plugin\spring-plugin-core\1.2.0.RELEASE\spring-plugin-core-1.2.0.RELEASE.jar;D:\tools\java\apache-maven-3.3.9\userlib\org\springframework\plugin\spring-plugin-metadata\1.2.0.RELEASE\spring-plugin-metadata-1.2.0.RELEASE.jar;D:\tools\java\apache-maven-3.3.9\userlib\org\mapstruct\mapstruct\1.2.0.Final\mapstruct-1.2.0.Final.jar;D:\tools\java\apache-maven-3.3.9\userlib\io\springfox\springfox-swagger-ui\2.9.2\springfox-swagger-ui-2.9.2.jar;D:\tools\java\apache-maven-3.3.9\userlib\net\sourceforge\htmlunit\htmlunit\2.49.1\htmlunit-2.49.1.jar;D:\tools\java\apache-maven-3.3.9\userlib\xalan\xalan\2.7.2\xalan-2.7.2.jar;D:\tools\java\apache-maven-3.3.9\userlib\xalan\serializer\2.7.2\serializer-2.7.2.jar;D:\tools\java\apache-maven-3.3.9\userlib\org\apache\commons\commons-lang3\3.7\commons-lang3-3.7.jar;D:\tools\java\apache-maven-3.3.9\userlib\org\apache\commons\commons-text\1.9\commons-text-1.9.jar;D:\tools\java\apache-maven-3.3.9\userlib\org\apache\httpcomponents\httpmime\4.5.6\httpmime-4.5.6.jar;D:\tools\java\apache-maven-3.3.9\userlib\org\apache\httpcomponents\httpclient\4.5.6\httpclient-4.5.6.jar;D:\tools\java\apache-maven-3.3.9\userlib\org\apache\httpcomponents\httpcore\4.4.10\httpcore-4.4.10.jar;D:\tools\java\apache-maven-3.3.9\userlib\commons-codec\commons-codec\1.11\commons-codec-1.11.jar;D:\tools\java\apache-maven-3.3.9\userlib\net\sourceforge\htmlunit\htmlunit-core-js\2.49.0\htmlunit-core-js-2.49.0.jar;D:\tools\java\apache-maven-3.3.9\userlib\net\sourceforge\htmlunit\neko-htmlunit\2.49.0\neko-htmlunit-2.49.0.jar;D:\tools\java\apache-maven-3.3.9\userlib\xerces\xercesImpl\2.12.0\xercesImpl-2.12.0.jar;D:\tools\java\apache-maven-3.3.9\userlib\xml-apis\xml-apis\1.4.01\xml-apis-1.4.01.jar;D:\tools\java\apache-maven-3.3.9\userlib\net\sourceforge\htmlunit\htmlunit-cssparser\1.7.0\htmlunit-cssparser-1.7.0.jar;D:\tools\java\apache-maven-3.3.9\userlib\commons-io\commons-io\2.8.0\commons-io-2.8.0.jar;D:\tools\java\apache-maven-3.3.9\userlib\commons-net\commons-net\3.8.0\commons-net-3.8.0.jar;D:\tools\java\apache-maven-3.3.9\userlib\org\brotli\dec\0.1.2\dec-0.1.2.jar;D:\tools\java\apache-maven-3.3.9\userlib\com\shapesecurity\salvation2\3.0.0\salvation2-3.0.0.jar;D:\tools\java\apache-maven-3.3.9\userlib\org\eclipse\jetty\websocket\websocket-client\9.4.12.v20180830\websocket-client-9.4.12.v20180830.jar;D:\tools\java\apache-maven-3.3.9\userlib\org\eclipse\jetty\jetty-client\9.4.12.v20180830\jetty-client-9.4.12.v20180830.jar;D:\tools\java\apache-maven-3.3.9\userlib\org\eclipse\jetty\jetty-http\9.4.12.v20180830\jetty-http-9.4.12.v20180830.jar;D:\tools\java\apache-maven-3.3.9\userlib\org\eclipse\jetty\jetty-xml\9.4.12.v20180830\jetty-xml-9.4.12.v20180830.jar;D:\tools\java\apache-maven-3.3.9\userlib\org\eclipse\jetty\jetty-util\9.4.12.v20180830\jetty-util-9.4.12.v20180830.jar;D:\tools\java\apache-maven-3.3.9\userlib\org\eclipse\jetty\jetty-io\9.4.12.v20180830\jetty-io-9.4.12.v20180830.jar;D:\tools\java\apache-maven-3.3.9\userlib\org\eclipse\jetty\websocket\websocket-common\9.4.12.v20180830\websocket-common-9.4.12.v20180830.jar;D:\tools\java\apache-maven-3.3.9\userlib\org\eclipse\jetty\websocket\websocket-api\9.4.12.v20180830\websocket-api-9.4.12.v20180830.jar;D:\tools\java\apache-maven-3.3.9\userlib\org\json\json\20210307\json-20210307.jar;, user.name=sd, java.vm.specification.version=1.8, sun.java.command=C:\Users\sd\AppData\Local\Temp\surefire529610797428521720\surefirebooter4264464724975688841.jar C:\Users\sd\AppData\Local\Temp\surefire529610797428521720 2022-11-09T14-20-23_099-jvmRun1 surefire6456656948710673003tmp surefire_04707852632626970753tmp, java.home=D:\tools\java\jdk\jre, sun.arch.data.model=64, user.language=zh, java.specification.vendor=Oracle Corporation, awt.toolkit=sun.awt.windows.WToolkit, java.vm.info=mixed mode, java.version=1.8.0_212, java.ext.dirs=D:\tools\java\jdk\jre\lib\ext;C:\Windows\Sun\Java\lib\ext, sun.boot.class.path=D:\tools\java\jdk\jre\lib\resources.jar;D:\tools\java\jdk\jre\lib\rt.jar;D:\tools\java\jdk\jre\lib\sunrsasign.jar;D:\tools\java\jdk\jre\lib\jsse.jar;D:\tools\java\jdk\jre\lib\jce.jar;D:\tools\java\jdk\jre\lib\charsets.jar;D:\tools\java\jdk\jre\lib\jfr.jar;D:\tools\java\jdk\jre\classes, java.vendor=Oracle Corporation, localRepository=D:\tools\java\apache-maven-3.3.9\userlib, file.separator=\, java.vendor.url.bug=http://bugreport.sun.com/bugreport/, sun.io.unicode.encoding=UnicodeLittle, sun.cpu.endian=little, sun.desktop=windows, sun.cpu.isalist=amd64}}, SystemEnvironmentPropertySource@1150284200 {name='systemEnvironment', properties={PATH=C:\Program Files (x86)\Common Files\Oracle\Java\javapath;C:\Windows\system32;C:\Windows;C:\Windows\System32\Wbem;C:\Windows\System32\WindowsPowerShell\v1.0\;C:\Windows\System32\OpenSSH\;C:\Program Files (x86)\NVIDIA Corporation\PhysX\Common;C:\Program Files\NVIDIA Corporation\NVIDIA NvDLISR;D:\tools\Git\cmd;C:\Program Files\TortoiseGit\bin;D:\tools\java\jdk\bin;D:\tools\java\apache-maven-3.3.9\bin;D:\tools\mongodb;\bin;D:\tools\erl\bin;D:\tools\rabbitmq\sbin;C:\Program Files\dotnet\;D:\tools\Git\mingw64\bin;D:\tools\Git\bin;D:\tools\Git\mingw64\libexec\git-core;C:\Users\sd\AppData\Local\Microsoft\WindowsApps;D:\tools\MinGW\mingw64\bin;D:\tools\mongodb;\bin;D:\tools\erl\bin;C:\Users\sd\.dotnet\tools, USERDOMAIN_ROAMINGPROFILE=LAPTOP-C6CJ0OLQ, PROCESSOR_LEVEL=23, SYSTEMDRIVE=C:, QMF_SOCKET_PATH=nvg-qmf-server, VTK_DIR=D:\tools\VTK\bin, SESSIONNAME=Console, ALLUSERSPROFILE=C:\ProgramData, PROCESSOR_ARCHITECTURE=AMD64, NVIDIAWHITELISTED=0x01, DRIVERDATA=C:\Windows\System32\Drivers\DriverData, RABBITQM_SERVER=D:\tools\rabbitmq, KMP_DUPLICATE_LIB_OK=TRUE, PROGRAMFILES=C:\Program Files, PSMODULEPATH=C:\Program Files\WindowsPowerShell\Modules;C:\Windows\system32\WindowsPowerShell\v1.0\Modules, PROGRAMDATA=C:\ProgramData, USERNAME=sd, GAMETURBO=C:\Program Files (x86)\ASUS\GameFirst\, ONEDRIVE=C:\Users\sd\OneDrive, PATHEXT=.COM;.EXE;.BAT;.CMD;.VBS;.VBE;.JS;.JSE;.WSF;.WSH;.MSC, ACSETUPSVCPORT=23210, ONEDRIVECONSUMER=C:\Users\sd\OneDrive, SHIM_MCCOMPAT=0x810000001, WINDIR=C:\Windows, HOMEPATH=\Users\sd, PROCESSOR_IDENTIFIER=AMD64 Family 23 Model 96 Stepping 1, AuthenticAMD, M2_HOME=D:\tools\java\apache-maven-3.3.9, PUBLIC=C:\Users\Public, MONGO_HOME=D:\tools\mongodb;, =::=::\, LOCALAPPDATA=C:\Users\sd\AppData\Local, COMMONPROGRAMFILES(X86)=C:\Program Files (x86)\Common Files, USERDOMAIN=LAPTOP-C6CJ0OLQ, LOGONSERVER=\\LAPTOP-C6CJ0OLQ, JAVA_HOME=D:\tools\java\jdk, PROMPT=$P$G, PROGRAMFILES(X86)=C:\Program Files (x86), ERLANG_HOME=D:\tools\erl, =C:=C:\, APPDATA=C:\Users\sd\AppData\Roaming, ACSVCPORT=17532, PROGRAMW6432=C:\Program Files, SYSTEMROOT=C:\Windows, RLSSVCPORT=22112, MKL_SERIAL=YES, OS=Windows_NT, COMMONPROGRAMW6432=C:\Program Files\Common Files, COMPUTERNAME=LAPTOP-C6CJ0OLQ, COMMONPROGRAMFILES=C:\Program Files\Common Files, COMSPEC=C:\Windows\system32\cmd.exe, PROCESSOR_REVISION=6001, CLASSPATH=D:\tools\java\jdk\lib, =D:=D:\tools\!!!Spring boot\zhidian\VL, GAMEFIRSTUSERPATH=C:\ProgramData\ASUS\GameFirst, TEMP=C:\Users\sd\AppData\Local\Temp, HOMEDRIVE=C:, USERPROFILE=C:\Users\sd, TMP=C:\Users\sd\AppData\Local\Temp, QT_MULTIMEDIA_PREFERRED_PLUGINS=windowsmediafoundation, NUMBER_OF_PROCESSORS=16, IDEA_INITIAL_DIRECTORY=D:\Links}}]
14:20:25.778 [main] DEBUG org.springframework.core.io.support.PathMatchingResourcePatternResolver - Resolved classpath location [com/bupt/zhidian/] to resources [URL [file:/D:/tools/!!!Spring%20boot/zhidian/VL/target/test-classes/com/bupt/zhidian/], URL [file:/D:/tools/!!!Spring%20boot/zhidian/VL/target/classes/com/bupt/zhidian/]]
14:20:25.778 [main] DEBUG org.springframework.core.io.support.PathMatchingResourcePatternResolver - Looking for matching resources in directory tree [D:\tools\!!!Spring boot\zhidian\VL\target\test-classes\com\bupt\zhidian]
14:20:25.779 [main] DEBUG org.springframework.core.io.support.PathMatchingResourcePatternResolver - Searching directory [D:\tools\!!!Spring boot\zhidian\VL\target\test-classes\com\bupt\zhidian] for files matching pattern [D:/tools/!!!Spring boot/zhidian/VL/target/test-classes/com/bupt/zhidian/*.class]
14:20:25.781 [main] DEBUG org.springframework.core.io.support.PathMatchingResourcePatternResolver - Looking for matching resources in directory tree [D:\tools\!!!Spring boot\zhidian\VL\target\classes\com\bupt\zhidian]
14:20:25.782 [main] DEBUG org.springframework.core.io.support.PathMatchingResourcePatternResolver - Searching directory [D:\tools\!!!Spring boot\zhidian\VL\target\classes\com\bupt\zhidian] for files matching pattern [D:/tools/!!!Spring boot/zhidian/VL/target/classes/com/bupt/zhidian/*.class]
14:20:25.782 [main] DEBUG org.springframework.core.io.support.PathMatchingResourcePatternResolver - Resolved location pattern [classpath*:com/bupt/zhidian/*.class] to resources [file [D:\tools\!!!Spring boot\zhidian\VL\target\test-classes\com\bupt\zhidian\VLTest.class], file [D:\tools\!!!Spring boot\zhidian\VL\target\classes\com\bupt\zhidian\VL.class]]
14:20:25.834 [main] DEBUG org.springframework.context.annotation.ClassPathScanningCandidateComponentProvider - Identified candidate component class: file [D:\tools\!!!Spring boot\zhidian\VL\target\classes\com\bupt\zhidian\VL.class]
14:20:25.835 [main] INFO org.springframework.boot.test.context.SpringBootTestContextBootstrapper - Found @SpringBootConfiguration com.bupt.zhidian.VL for test class com.bupt.zhidian.VLTest
14:20:25.974 [main] DEBUG org.springframework.boot.test.context.SpringBootTestContextBootstrapper - @TestExecutionListeners is not present for class [com.bupt.zhidian.VLTest]: using defaults.
14:20:25.975 [main] INFO org.springframework.boot.test.context.SpringBootTestContextBootstrapper - Loaded default TestExecutionListener class names from location [META-INF/spring.factories]: [org.springframework.boot.test.mock.mockito.MockitoTestExecutionListener, org.springframework.boot.test.mock.mockito.ResetMocksTestExecutionListener, org.springframework.boot.test.autoconfigure.restdocs.RestDocsTestExecutionListener, org.springframework.boot.test.autoconfigure.web.client.MockRestServiceServerResetTestExecutionListener, org.springframework.boot.test.autoconfigure.web.servlet.MockMvcPrintOnlyOnFailureTestExecutionListener, org.springframework.boot.test.autoconfigure.web.servlet.WebDriverTestExecutionListener, org.springframework.test.context.web.ServletTestExecutionListener, org.springframework.test.context.support.DirtiesContextBeforeModesTestExecutionListener, org.springframework.test.context.support.DependencyInjectionTestExecutionListener, org.springframework.test.context.support.DirtiesContextTestExecutionListener, org.springframework.test.context.transaction.TransactionalTestExecutionListener, org.springframework.test.context.jdbc.SqlScriptsTestExecutionListener]
14:20:25.986 [main] DEBUG org.springframework.boot.test.context.SpringBootTestContextBootstrapper - Skipping candidate TestExecutionListener [org.springframework.test.context.transaction.TransactionalTestExecutionListener] due to a missing dependency. Specify custom listener classes or make the default listener classes and their required dependencies available. Offending class: [org/springframework/transaction/interceptor/TransactionAttributeSource]
14:20:25.987 [main] DEBUG org.springframework.boot.test.context.SpringBootTestContextBootstrapper - Skipping candidate TestExecutionListener [org.springframework.test.context.jdbc.SqlScriptsTestExecutionListener] due to a missing dependency. Specify custom listener classes or make the default listener classes and their required dependencies available. Offending class: [org/springframework/transaction/interceptor/TransactionAttribute]
14:20:25.987 [main] INFO org.springframework.boot.test.context.SpringBootTestContextBootstrapper - Using TestExecutionListeners: [org.springframework.test.context.web.ServletTestExecutionListener@385e9564, org.springframework.test.context.support.DirtiesContextBeforeModesTestExecutionListener@5b94b04d, org.springframework.boot.test.mock.mockito.MockitoTestExecutionListener@8c3b9d, org.springframework.boot.test.autoconfigure.SpringBootDependencyInjectionTestExecutionListener@4c39bec8, org.springframework.test.context.support.DirtiesContextTestExecutionListener@f79e, org.springframework.boot.test.mock.mockito.ResetMocksTestExecutionListener@7ee8290b, org.springframework.boot.test.autoconfigure.restdocs.RestDocsTestExecutionListener@1f59a598, org.springframework.boot.test.autoconfigure.web.client.MockRestServiceServerResetTestExecutionListener@1e178745, org.springframework.boot.test.autoconfigure.web.servlet.MockMvcPrintOnlyOnFailureTestExecutionListener@192c3f1e, org.springframework.boot.test.autoconfigure.web.servlet.WebDriverTestExecutionListener@26b3fd41]
14:20:25.990 [main] DEBUG org.springframework.test.annotation.ProfileValueUtils - Retrieved @ProfileValueSourceConfiguration [null] for test class [com.bupt.zhidian.VLTest]
14:20:25.990 [main] DEBUG org.springframework.test.annotation.ProfileValueUtils - Retrieved ProfileValueSource type [class org.springframework.test.annotation.SystemProfileValueSource] for class [com.bupt.zhidian.VLTest]
14:20:25.992 [main] DEBUG org.springframework.test.annotation.ProfileValueUtils - Retrieved @ProfileValueSourceConfiguration [null] for test class [com.bupt.zhidian.VLTest]
14:20:25.992 [main] DEBUG org.springframework.test.annotation.ProfileValueUtils - Retrieved ProfileValueSource type [class org.springframework.test.annotation.SystemProfileValueSource] for class [com.bupt.zhidian.VLTest]
14:20:25.993 [main] DEBUG org.springframework.test.annotation.ProfileValueUtils - Retrieved @ProfileValueSourceConfiguration [null] for test class [com.bupt.zhidian.VLTest]
14:20:25.993 [main] DEBUG org.springframework.test.annotation.ProfileValueUtils - Retrieved ProfileValueSource type [class org.springframework.test.annotation.SystemProfileValueSource] for class [com.bupt.zhidian.VLTest]
14:20:25.998 [main] DEBUG org.springframework.test.context.support.AbstractDirtiesContextTestExecutionListener - Before test class: context [DefaultTestContext@5f8edcc5 testClass = VLTest, testInstance = [null], testMethod = [null], testException = [null], mergedContextConfiguration = [WebMergedContextConfiguration@7b02881e testClass = VLTest, locations = '{}', classes = '{class com.bupt.zhidian.VL}', contextInitializerClasses = '[]', activeProfiles = '{}', propertySourceLocations = '{}', propertySourceProperties = '{org.springframework.boot.test.context.SpringBootTestContextBootstrapper=true}', contextCustomizers = set[org.springframework.boot.test.context.filter.ExcludeFilterContextCustomizer@49c43f4e, org.springframework.boot.test.json.DuplicateJsonObjectContextCustomizerFactory$DuplicateJsonObjectContextCustomizer@17776a8, org.springframework.boot.test.mock.mockito.MockitoContextCustomizer@0, org.springframework.boot.test.web.client.TestRestTemplateContextCustomizer@5606c0b, org.springframework.boot.test.web.reactive.server.WebTestClientContextCustomizer@6b67034, org.springframework.boot.test.autoconfigure.properties.PropertyMappingContextCustomizer@0, org.springframework.boot.test.autoconfigure.web.servlet.WebDriverContextCustomizerFactory$Customizer@221af3c0], resourceBasePath = 'src/main/webapp', contextLoader = 'org.springframework.boot.test.context.SpringBootContextLoader', parent = [null]], attributes = map['org.springframework.test.context.web.ServletTestExecutionListener.activateListener' -> true]], class annotated with @DirtiesContext [false] with mode [null].
14:20:25.999 [main] DEBUG org.springframework.test.annotation.ProfileValueUtils - Retrieved @ProfileValueSourceConfiguration [null] for test class [com.bupt.zhidian.VLTest]
14:20:25.999 [main] DEBUG org.springframework.test.annotation.ProfileValueUtils - Retrieved ProfileValueSource type [class org.springframework.test.annotation.SystemProfileValueSource] for class [com.bupt.zhidian.VLTest]
14:20:26.026 [main] DEBUG org.springframework.core.env.StandardEnvironment - Adding PropertySource 'systemProperties' with lowest search precedence
14:20:26.026 [main] DEBUG org.springframework.core.env.StandardEnvironment - Adding PropertySource 'systemEnvironment' with lowest search precedence
14:20:26.027 [main] DEBUG org.springframework.core.env.StandardEnvironment - Initialized StandardEnvironment with PropertySources [MapPropertySource@812446698 {name='systemProperties', properties={java.runtime.name=Java(TM) SE Runtime Environment, sun.boot.library.path=D:\tools\java\jdk\jre\bin, java.vm.version=25.212-b10, java.vm.vendor=Oracle Corporation, java.vendor.url=http://java.oracle.com/, path.separator=;, java.vm.name=Java HotSpot(TM) 64-Bit Server VM, file.encoding.pkg=sun.io, user.country=CN, user.script=, sun.java.launcher=SUN_STANDARD, sun.os.patch.level=, java.vm.specification.name=Java Virtual Machine Specification, user.dir=D:\tools\!!!Spring boot\zhidian\VL, java.runtime.version=1.8.0_212-b10, basedir=D:\tools\!!!Spring boot\zhidian\VL, java.awt.graphicsenv=sun.awt.Win32GraphicsEnvironment, java.endorsed.dirs=D:\tools\java\jdk\jre\lib\endorsed, os.arch=amd64, surefire.real.class.path=C:\Users\sd\AppData\Local\Temp\surefire529610797428521720\surefirebooter4264464724975688841.jar, java.io.tmpdir=C:\Users\sd\AppData\Local\Temp\, line.separator=
, java.vm.specification.vendor=Oracle Corporation, user.variant=, os.name=Windows 10, sun.jnu.encoding=GBK, java.library.path=D:\tools\java\jdk\jre\bin;C:\Windows\Sun\Java\bin;C:\Windows\system32;C:\Windows;C:\Program Files (x86)\Common Files\Oracle\Java\javapath;C:\Windows\system32;C:\Windows;C:\Windows\System32\Wbem;C:\Windows\System32\WindowsPowerShell\v1.0\;C:\Windows\System32\OpenSSH\;C:\Program Files (x86)\NVIDIA Corporation\PhysX\Common;C:\Program Files\NVIDIA Corporation\NVIDIA NvDLISR;D:\tools\Git\cmd;C:\Program Files\TortoiseGit\bin;D:\tools\java\jdk\bin;D:\tools\java\apache-maven-3.3.9\bin;D:\tools\mongodb;\bin;D:\tools\erl\bin;D:\tools\rabbitmq\sbin;C:\Program Files\dotnet\;D:\tools\Git\mingw64\bin;D:\tools\Git\bin;D:\tools\Git\mingw64\libexec\git-core;C:\Users\sd\AppData\Local\Microsoft\WindowsApps;D:\tools\MinGW\mingw64\bin;D:\tools\mongodb;\bin;D:\tools\erl\bin;C:\Users\sd\.dotnet\tools;., surefire.test.class.path=D:\tools\!!!Spring boot\zhidian\VL\target\test-classes;D:\tools\!!!Spring boot\zhidian\VL\target\classes;D:\tools\java\apache-maven-3.3.9\userlib\org\springframework\boot\spring-boot-starter-web\2.0.6.RELEASE\spring-boot-starter-web-2.0.6.RELEASE.jar;D:\tools\java\apache-maven-3.3.9\userlib\org\springframework\boot\spring-boot-starter\2.0.6.RELEASE\spring-boot-starter-2.0.6.RELEASE.jar;D:\tools\java\apache-maven-3.3.9\userlib\org\springframework\boot\spring-boot-starter-logging\2.0.6.RELEASE\spring-boot-starter-logging-2.0.6.RELEASE.jar;D:\tools\java\apache-maven-3.3.9\userlib\ch\qos\logback\logback-classic\1.2.3\logback-classic-1.2.3.jar;D:\tools\java\apache-maven-3.3.9\userlib\ch\qos\logback\logback-core\1.2.3\logback-core-1.2.3.jar;D:\tools\java\apache-maven-3.3.9\userlib\org\apache\logging\log4j\log4j-to-slf4j\2.10.0\log4j-to-slf4j-2.10.0.jar;D:\tools\java\apache-maven-3.3.9\userlib\org\apache\logging\log4j\log4j-api\2.10.0\log4j-api-2.10.0.jar;D:\tools\java\apache-maven-3.3.9\userlib\org\slf4j\jul-to-slf4j\1.7.25\jul-to-slf4j-1.7.25.jar;D:\tools\java\apache-maven-3.3.9\userlib\javax\annotation\javax.annotation-api\1.3.2\javax.annotation-api-1.3.2.jar;D:\tools\java\apache-maven-3.3.9\userlib\org\yaml\snakeyaml\1.19\snakeyaml-1.19.jar;D:\tools\java\apache-maven-3.3.9\userlib\org\springframework\boot\spring-boot-starter-json\2.0.6.RELEASE\spring-boot-starter-json-2.0.6.RELEASE.jar;D:\tools\java\apache-maven-3.3.9\userlib\com\fasterxml\jackson\core\jackson-databind\2.9.7\jackson-databind-2.9.7.jar;D:\tools\java\apache-maven-3.3.9\userlib\com\fasterxml\jackson\core\jackson-core\2.9.7\jackson-core-2.9.7.jar;D:\tools\java\apache-maven-3.3.9\userlib\com\fasterxml\jackson\datatype\jackson-datatype-jdk8\2.9.7\jackson-datatype-jdk8-2.9.7.jar;D:\tools\java\apache-maven-3.3.9\userlib\com\fasterxml\jackson\datatype\jackson-datatype-jsr310\2.9.7\jackson-datatype-jsr310-2.9.7.jar;D:\tools\java\apache-maven-3.3.9\userlib\com\fasterxml\jackson\module\jackson-module-parameter-names\2.9.7\jackson-module-parameter-names-2.9.7.jar;D:\tools\java\apache-maven-3.3.9\userlib\org\springframework\boot\spring-boot-starter-tomcat\2.0.6.RELEASE\spring-boot-starter-tomcat-2.0.6.RELEASE.jar;D:\tools\java\apache-maven-3.3.9\userlib\org\apache\tomcat\embed\tomcat-embed-core\8.5.34\tomcat-embed-core-8.5.34.jar;D:\tools\java\apache-maven-3.3.9\userlib\org\apache\tomcat\embed\tomcat-embed-el\8.5.34\tomcat-embed-el-8.5.34.jar;D:\tools\java\apache-maven-3.3.9\userlib\org\apache\tomcat\embed\tomcat-embed-websocket\8.5.34\tomcat-embed-websocket-8.5.34.jar;D:\tools\java\apache-maven-3.3.9\userlib\org\hibernate\validator\hibernate-validator\6.0.13.Final\hibernate-validator-6.0.13.Final.jar;D:\tools\java\apache-maven-3.3.9\userlib\javax\validation\validation-api\2.0.1.Final\validation-api-2.0.1.Final.jar;D:\tools\java\apache-maven-3.3.9\userlib\org\jboss\logging\jboss-logging\3.3.2.Final\jboss-logging-3.3.2.Final.jar;D:\tools\java\apache-maven-3.3.9\userlib\org\springframework\spring-web\5.0.10.RELEASE\spring-web-5.0.10.RELEASE.jar;D:\tools\java\apache-maven-3.3.9\userlib\org\springframework\spring-beans\5.0.10.RELEASE\spring-beans-5.0.10.RELEASE.jar;D:\tools\java\apache-maven-3.3.9\userlib\org\springframework\spring-webmvc\5.0.10.RELEASE\spring-webmvc-5.0.10.RELEASE.jar;D:\tools\java\apache-maven-3.3.9\userlib\org\springframework\spring-aop\5.0.10.RELEASE\spring-aop-5.0.10.RELEASE.jar;D:\tools\java\apache-maven-3.3.9\userlib\org\springframework\spring-expression\5.0.10.RELEASE\spring-expression-5.0.10.RELEASE.jar;D:\tools\java\apache-maven-3.3.9\userlib\org\springframework\boot\spring-boot-starter-mail\2.0.6.RELEASE\spring-boot-starter-mail-2.0.6.RELEASE.jar;D:\tools\java\apache-maven-3.3.9\userlib\org\springframework\spring-context\5.0.10.RELEASE\spring-context-5.0.10.RELEASE.jar;D:\tools\java\apache-maven-3.3.9\userlib\org\springframework\spring-context-support\5.0.10.RELEASE\spring-context-support-5.0.10.RELEASE.jar;D:\tools\java\apache-maven-3.3.9\userlib\com\sun\mail\javax.mail\1.6.2\javax.mail-1.6.2.jar;D:\tools\java\apache-maven-3.3.9\userlib\javax\activation\activation\1.1\activation-1.1.jar;D:\tools\java\apache-maven-3.3.9\userlib\de\codecentric\spring-boot-admin-starter-server\2.0.2\spring-boot-admin-starter-server-2.0.2.jar;D:\tools\java\apache-maven-3.3.9\userlib\de\codecentric\spring-boot-admin-server\2.0.2\spring-boot-admin-server-2.0.2.jar;D:\tools\java\apache-maven-3.3.9\userlib\org\springframework\boot\spring-boot-starter-webflux\2.0.6.RELEASE\spring-boot-starter-webflux-2.0.6.RELEASE.jar;D:\tools\java\apache-maven-3.3.9\userlib\org\springframework\boot\spring-boot-starter-reactor-netty\2.0.6.RELEASE\spring-boot-starter-reactor-netty-2.0.6.RELEASE.jar;D:\tools\java\apache-maven-3.3.9\userlib\io\projectreactor\ipc\reactor-netty\0.7.10.RELEASE\reactor-netty-0.7.10.RELEASE.jar;D:\tools\java\apache-maven-3.3.9\userlib\io\netty\netty-codec-http\4.1.29.Final\netty-codec-http-4.1.29.Final.jar;D:\tools\java\apache-maven-3.3.9\userlib\io\netty\netty-codec\4.1.29.Final\netty-codec-4.1.29.Final.jar;D:\tools\java\apache-maven-3.3.9\userlib\io\netty\netty-handler\4.1.29.Final\netty-handler-4.1.29.Final.jar;D:\tools\java\apache-maven-3.3.9\userlib\io\netty\netty-buffer\4.1.29.Final\netty-buffer-4.1.29.Final.jar;D:\tools\java\apache-maven-3.3.9\userlib\io\netty\netty-transport\4.1.29.Final\netty-transport-4.1.29.Final.jar;D:\tools\java\apache-maven-3.3.9\userlib\io\netty\netty-resolver\4.1.29.Final\netty-resolver-4.1.29.Final.jar;D:\tools\java\apache-maven-3.3.9\userlib\io\netty\netty-handler-proxy\4.1.29.Final\netty-handler-proxy-4.1.29.Final.jar;D:\tools\java\apache-maven-3.3.9\userlib\io\netty\netty-codec-socks\4.1.29.Final\netty-codec-socks-4.1.29.Final.jar;D:\tools\java\apache-maven-3.3.9\userlib\io\netty\netty-transport-native-epoll\4.1.29.Final\netty-transport-native-epoll-4.1.29.Final-linux-x86_64.jar;D:\tools\java\apache-maven-3.3.9\userlib\io\netty\netty-common\4.1.29.Final\netty-common-4.1.29.Final.jar;D:\tools\java\apache-maven-3.3.9\userlib\io\netty\netty-transport-native-unix-common\4.1.29.Final\netty-transport-native-unix-common-4.1.29.Final.jar;D:\tools\java\apache-maven-3.3.9\userlib\org\springframework\spring-webflux\5.0.10.RELEASE\spring-webflux-5.0.10.RELEASE.jar;D:\tools\java\apache-maven-3.3.9\userlib\org\synchronoss\cloud\nio-multipart-parser\1.1.0\nio-multipart-parser-1.1.0.jar;D:\tools\java\apache-maven-3.3.9\userlib\org\synchronoss\cloud\nio-stream-storage\1.1.3\nio-stream-storage-1.1.3.jar;D:\tools\java\apache-maven-3.3.9\userlib\org\springframework\boot\spring-boot-starter-thymeleaf\2.0.6.RELEASE\spring-boot-starter-thymeleaf-2.0.6.RELEASE.jar;D:\tools\java\apache-maven-3.3.9\userlib\org\thymeleaf\thymeleaf-spring5\3.0.10.RELEASE\thymeleaf-spring5-3.0.10.RELEASE.jar;D:\tools\java\apache-maven-3.3.9\userlib\org\thymeleaf\thymeleaf\3.0.10.RELEASE\thymeleaf-3.0.10.RELEASE.jar;D:\tools\java\apache-maven-3.3.9\userlib\org\attoparser\attoparser\2.0.5.RELEASE\attoparser-2.0.5.RELEASE.jar;D:\tools\java\apache-maven-3.3.9\userlib\org\unbescape\unbescape\1.1.6.RELEASE\unbescape-1.1.6.RELEASE.jar;D:\tools\java\apache-maven-3.3.9\userlib\org\thymeleaf\extras\thymeleaf-extras-java8time\3.0.1.RELEASE\thymeleaf-extras-java8time-3.0.1.RELEASE.jar;D:\tools\java\apache-maven-3.3.9\userlib\org\springframework\boot\spring-boot-starter-actuator\2.0.6.RELEASE\spring-boot-starter-actuator-2.0.6.RELEASE.jar;D:\tools\java\apache-maven-3.3.9\userlib\org\springframework\boot\spring-boot-actuator-autoconfigure\2.0.6.RELEASE\spring-boot-actuator-autoconfigure-2.0.6.RELEASE.jar;D:\tools\java\apache-maven-3.3.9\userlib\org\springframework\boot\spring-boot-actuator\2.0.6.RELEASE\spring-boot-actuator-2.0.6.RELEASE.jar;D:\tools\java\apache-maven-3.3.9\userlib\io\micrometer\micrometer-core\1.0.7\micrometer-core-1.0.7.jar;D:\tools\java\apache-maven-3.3.9\userlib\org\hdrhistogram\HdrHistogram\2.1.10\HdrHistogram-2.1.10.jar;D:\tools\java\apache-maven-3.3.9\userlib\org\latencyutils\LatencyUtils\2.0.3\LatencyUtils-2.0.3.jar;D:\tools\java\apache-maven-3.3.9\userlib\io\projectreactor\addons\reactor-extra\3.1.7.RELEASE\reactor-extra-3.1.7.RELEASE.jar;D:\tools\java\apache-maven-3.3.9\userlib\io\projectreactor\reactor-core\3.1.10.RELEASE\reactor-core-3.1.10.RELEASE.jar;D:\tools\java\apache-maven-3.3.9\userlib\org\reactivestreams\reactive-streams\1.0.2\reactive-streams-1.0.2.jar;D:\tools\java\apache-maven-3.3.9\userlib\de\codecentric\spring-boot-admin-server-ui\2.0.2\spring-boot-admin-server-ui-2.0.2.jar;D:\tools\java\apache-maven-3.3.9\userlib\de\codecentric\spring-boot-admin-server-cloud\2.0.2\spring-boot-admin-server-cloud-2.0.2.jar;D:\tools\java\apache-maven-3.3.9\userlib\org\springframework\boot\spring-boot-configuration-processor\2.0.6.RELEASE\spring-boot-configuration-processor-2.0.6.RELEASE.jar;D:\tools\java\apache-maven-3.3.9\userlib\org\springframework\boot\spring-boot-devtools\2.0.6.RELEASE\spring-boot-devtools-2.0.6.RELEASE.jar;D:\tools\java\apache-maven-3.3.9\userlib\org\springframework\boot\spring-boot\2.0.6.RELEASE\spring-boot-2.0.6.RELEASE.jar;D:\tools\java\apache-maven-3.3.9\userlib\org\springframework\boot\spring-boot-autoconfigure\2.0.6.RELEASE\spring-boot-autoconfigure-2.0.6.RELEASE.jar;D:\tools\java\apache-maven-3.3.9\userlib\org\springframework\boot\spring-boot-starter-test\2.0.6.RELEASE\spring-boot-starter-test-2.0.6.RELEASE.jar;D:\tools\java\apache-maven-3.3.9\userlib\org\springframework\boot\spring-boot-test\2.0.6.RELEASE\spring-boot-test-2.0.6.RELEASE.jar;D:\tools\java\apache-maven-3.3.9\userlib\org\springframework\boot\spring-boot-test-autoconfigure\2.0.6.RELEASE\spring-boot-test-autoconfigure-2.0.6.RELEASE.jar;D:\tools\java\apache-maven-3.3.9\userlib\com\jayway\jsonpath\json-path\2.4.0\json-path-2.4.0.jar;D:\tools\java\apache-maven-3.3.9\userlib\net\minidev\json-smart\2.3\json-smart-2.3.jar;D:\tools\java\apache-maven-3.3.9\userlib\net\minidev\accessors-smart\1.2\accessors-smart-1.2.jar;D:\tools\java\apache-maven-3.3.9\userlib\org\ow2\asm\asm\5.0.4\asm-5.0.4.jar;D:\tools\java\apache-maven-3.3.9\userlib\junit\junit\4.12\junit-4.12.jar;D:\tools\java\apache-maven-3.3.9\userlib\org\assertj\assertj-core\3.9.1\assertj-core-3.9.1.jar;D:\tools\java\apache-maven-3.3.9\userlib\org\mockito\mockito-core\2.15.0\mockito-core-2.15.0.jar;D:\tools\java\apache-maven-3.3.9\userlib\net\bytebuddy\byte-buddy\1.7.11\byte-buddy-1.7.11.jar;D:\tools\java\apache-maven-3.3.9\userlib\net\bytebuddy\byte-buddy-agent\1.7.11\byte-buddy-agent-1.7.11.jar;D:\tools\java\apache-maven-3.3.9\userlib\org\objenesis\objenesis\2.6\objenesis-2.6.jar;D:\tools\java\apache-maven-3.3.9\userlib\org\hamcrest\hamcrest-core\1.3\hamcrest-core-1.3.jar;D:\tools\java\apache-maven-3.3.9\userlib\org\hamcrest\hamcrest-library\1.3\hamcrest-library-1.3.jar;D:\tools\java\apache-maven-3.3.9\userlib\org\skyscreamer\jsonassert\1.5.0\jsonassert-1.5.0.jar;D:\tools\java\apache-maven-3.3.9\userlib\org\springframework\spring-core\5.0.10.RELEASE\spring-core-5.0.10.RELEASE.jar;D:\tools\java\apache-maven-3.3.9\userlib\org\springframework\spring-jcl\5.0.10.RELEASE\spring-jcl-5.0.10.RELEASE.jar;D:\tools\java\apache-maven-3.3.9\userlib\org\springframework\spring-test\5.0.10.RELEASE\spring-test-5.0.10.RELEASE.jar;D:\tools\java\apache-maven-3.3.9\userlib\org\xmlunit\xmlunit-core\2.5.1\xmlunit-core-2.5.1.jar;D:\tools\java\apache-maven-3.3.9\userlib\org\projectlombok\lombok\1.18.22\lombok-1.18.22.jar;D:\tools\java\apache-maven-3.3.9\userlib\mysql\mysql-connector-java\8.0.28\mysql-connector-java-8.0.28.jar;D:\tools\java\apache-maven-3.3.9\userlib\com\google\protobuf\protobuf-java\3.11.4\protobuf-java-3.11.4.jar;D:\tools\java\apache-maven-3.3.9\userlib\io\springfox\springfox-swagger2\2.9.2\springfox-swagger2-2.9.2.jar;D:\tools\java\apache-maven-3.3.9\userlib\io\swagger\swagger-annotations\1.5.20\swagger-annotations-1.5.20.jar;D:\tools\java\apache-maven-3.3.9\userlib\io\swagger\swagger-models\1.5.20\swagger-models-1.5.20.jar;D:\tools\java\apache-maven-3.3.9\userlib\com\fasterxml\jackson\core\jackson-annotations\2.9.0\jackson-annotations-2.9.0.jar;D:\tools\java\apache-maven-3.3.9\userlib\io\springfox\springfox-spi\2.9.2\springfox-spi-2.9.2.jar;D:\tools\java\apache-maven-3.3.9\userlib\io\springfox\springfox-core\2.9.2\springfox-core-2.9.2.jar;D:\tools\java\apache-maven-3.3.9\userlib\io\springfox\springfox-schema\2.9.2\springfox-schema-2.9.2.jar;D:\tools\java\apache-maven-3.3.9\userlib\io\springfox\springfox-swagger-common\2.9.2\springfox-swagger-common-2.9.2.jar;D:\tools\java\apache-maven-3.3.9\userlib\io\springfox\springfox-spring-web\2.9.2\springfox-spring-web-2.9.2.jar;D:\tools\java\apache-maven-3.3.9\userlib\com\google\guava\guava\20.0\guava-20.0.jar;D:\tools\java\apache-maven-3.3.9\userlib\com\fasterxml\classmate\1.3.4\classmate-1.3.4.jar;D:\tools\java\apache-maven-3.3.9\userlib\org\slf4j\slf4j-api\1.7.25\slf4j-api-1.7.25.jar;D:\tools\java\apache-maven-3.3.9\userlib\org\springframework\plugin\spring-plugin-core\1.2.0.RELEASE\spring-plugin-core-1.2.0.RELEASE.jar;D:\tools\java\apache-maven-3.3.9\userlib\org\springframework\plugin\spring-plugin-metadata\1.2.0.RELEASE\spring-plugin-metadata-1.2.0.RELEASE.jar;D:\tools\java\apache-maven-3.3.9\userlib\org\mapstruct\mapstruct\1.2.0.Final\mapstruct-1.2.0.Final.jar;D:\tools\java\apache-maven-3.3.9\userlib\io\springfox\springfox-swagger-ui\2.9.2\springfox-swagger-ui-2.9.2.jar;D:\tools\java\apache-maven-3.3.9\userlib\net\sourceforge\htmlunit\htmlunit\2.49.1\htmlunit-2.49.1.jar;D:\tools\java\apache-maven-3.3.9\userlib\xalan\xalan\2.7.2\xalan-2.7.2.jar;D:\tools\java\apache-maven-3.3.9\userlib\xalan\serializer\2.7.2\serializer-2.7.2.jar;D:\tools\java\apache-maven-3.3.9\userlib\org\apache\commons\commons-lang3\3.7\commons-lang3-3.7.jar;D:\tools\java\apache-maven-3.3.9\userlib\org\apache\commons\commons-text\1.9\commons-text-1.9.jar;D:\tools\java\apache-maven-3.3.9\userlib\org\apache\httpcomponents\httpmime\4.5.6\httpmime-4.5.6.jar;D:\tools\java\apache-maven-3.3.9\userlib\org\apache\httpcomponents\httpclient\4.5.6\httpclient-4.5.6.jar;D:\tools\java\apache-maven-3.3.9\userlib\org\apache\httpcomponents\httpcore\4.4.10\httpcore-4.4.10.jar;D:\tools\java\apache-maven-3.3.9\userlib\commons-codec\commons-codec\1.11\commons-codec-1.11.jar;D:\tools\java\apache-maven-3.3.9\userlib\net\sourceforge\htmlunit\htmlunit-core-js\2.49.0\htmlunit-core-js-2.49.0.jar;D:\tools\java\apache-maven-3.3.9\userlib\net\sourceforge\htmlunit\neko-htmlunit\2.49.0\neko-htmlunit-2.49.0.jar;D:\tools\java\apache-maven-3.3.9\userlib\xerces\xercesImpl\2.12.0\xercesImpl-2.12.0.jar;D:\tools\java\apache-maven-3.3.9\userlib\xml-apis\xml-apis\1.4.01\xml-apis-1.4.01.jar;D:\tools\java\apache-maven-3.3.9\userlib\net\sourceforge\htmlunit\htmlunit-cssparser\1.7.0\htmlunit-cssparser-1.7.0.jar;D:\tools\java\apache-maven-3.3.9\userlib\commons-io\commons-io\2.8.0\commons-io-2.8.0.jar;D:\tools\java\apache-maven-3.3.9\userlib\commons-net\commons-net\3.8.0\commons-net-3.8.0.jar;D:\tools\java\apache-maven-3.3.9\userlib\org\brotli\dec\0.1.2\dec-0.1.2.jar;D:\tools\java\apache-maven-3.3.9\userlib\com\shapesecurity\salvation2\3.0.0\salvation2-3.0.0.jar;D:\tools\java\apache-maven-3.3.9\userlib\org\eclipse\jetty\websocket\websocket-client\9.4.12.v20180830\websocket-client-9.4.12.v20180830.jar;D:\tools\java\apache-maven-3.3.9\userlib\org\eclipse\jetty\jetty-client\9.4.12.v20180830\jetty-client-9.4.12.v20180830.jar;D:\tools\java\apache-maven-3.3.9\userlib\org\eclipse\jetty\jetty-http\9.4.12.v20180830\jetty-http-9.4.12.v20180830.jar;D:\tools\java\apache-maven-3.3.9\userlib\org\eclipse\jetty\jetty-xml\9.4.12.v20180830\jetty-xml-9.4.12.v20180830.jar;D:\tools\java\apache-maven-3.3.9\userlib\org\eclipse\jetty\jetty-util\9.4.12.v20180830\jetty-util-9.4.12.v20180830.jar;D:\tools\java\apache-maven-3.3.9\userlib\org\eclipse\jetty\jetty-io\9.4.12.v20180830\jetty-io-9.4.12.v20180830.jar;D:\tools\java\apache-maven-3.3.9\userlib\org\eclipse\jetty\websocket\websocket-common\9.4.12.v20180830\websocket-common-9.4.12.v20180830.jar;D:\tools\java\apache-maven-3.3.9\userlib\org\eclipse\jetty\websocket\websocket-api\9.4.12.v20180830\websocket-api-9.4.12.v20180830.jar;D:\tools\java\apache-maven-3.3.9\userlib\org\json\json\20210307\json-20210307.jar;, java.specification.name=Java Platform API Specification, java.class.version=52.0, sun.management.compiler=HotSpot 64-Bit Tiered Compilers, os.version=10.0, idea.version2019.3.2=true, user.home=C:\Users\sd, user.timezone=Asia/Shanghai, java.awt.printerjob=sun.awt.windows.WPrinterJob, file.encoding=GBK, java.specification.version=1.8, java.class.path=D:\tools\!!!Spring boot\zhidian\VL\target\test-classes;D:\tools\!!!Spring boot\zhidian\VL\target\classes;D:\tools\java\apache-maven-3.3.9\userlib\org\springframework\boot\spring-boot-starter-web\2.0.6.RELEASE\spring-boot-starter-web-2.0.6.RELEASE.jar;D:\tools\java\apache-maven-3.3.9\userlib\org\springframework\boot\spring-boot-starter\2.0.6.RELEASE\spring-boot-starter-2.0.6.RELEASE.jar;D:\tools\java\apache-maven-3.3.9\userlib\org\springframework\boot\spring-boot-starter-logging\2.0.6.RELEASE\spring-boot-starter-logging-2.0.6.RELEASE.jar;D:\tools\java\apache-maven-3.3.9\userlib\ch\qos\logback\logback-classic\1.2.3\logback-classic-1.2.3.jar;D:\tools\java\apache-maven-3.3.9\userlib\ch\qos\logback\logback-core\1.2.3\logback-core-1.2.3.jar;D:\tools\java\apache-maven-3.3.9\userlib\org\apache\logging\log4j\log4j-to-slf4j\2.10.0\log4j-to-slf4j-2.10.0.jar;D:\tools\java\apache-maven-3.3.9\userlib\org\apache\logging\log4j\log4j-api\2.10.0\log4j-api-2.10.0.jar;D:\tools\java\apache-maven-3.3.9\userlib\org\slf4j\jul-to-slf4j\1.7.25\jul-to-slf4j-1.7.25.jar;D:\tools\java\apache-maven-3.3.9\userlib\javax\annotation\javax.annotation-api\1.3.2\javax.annotation-api-1.3.2.jar;D:\tools\java\apache-maven-3.3.9\userlib\org\yaml\snakeyaml\1.19\snakeyaml-1.19.jar;D:\tools\java\apache-maven-3.3.9\userlib\org\springframework\boot\spring-boot-starter-json\2.0.6.RELEASE\spring-boot-starter-json-2.0.6.RELEASE.jar;D:\tools\java\apache-maven-3.3.9\userlib\com\fasterxml\jackson\core\jackson-databind\2.9.7\jackson-databind-2.9.7.jar;D:\tools\java\apache-maven-3.3.9\userlib\com\fasterxml\jackson\core\jackson-core\2.9.7\jackson-core-2.9.7.jar;D:\tools\java\apache-maven-3.3.9\userlib\com\fasterxml\jackson\datatype\jackson-datatype-jdk8\2.9.7\jackson-datatype-jdk8-2.9.7.jar;D:\tools\java\apache-maven-3.3.9\userlib\com\fasterxml\jackson\datatype\jackson-datatype-jsr310\2.9.7\jackson-datatype-jsr310-2.9.7.jar;D:\tools\java\apache-maven-3.3.9\userlib\com\fasterxml\jackson\module\jackson-module-parameter-names\2.9.7\jackson-module-parameter-names-2.9.7.jar;D:\tools\java\apache-maven-3.3.9\userlib\org\springframework\boot\spring-boot-starter-tomcat\2.0.6.RELEASE\spring-boot-starter-tomcat-2.0.6.RELEASE.jar;D:\tools\java\apache-maven-3.3.9\userlib\org\apache\tomcat\embed\tomcat-embed-core\8.5.34\tomcat-embed-core-8.5.34.jar;D:\tools\java\apache-maven-3.3.9\userlib\org\apache\tomcat\embed\tomcat-embed-el\8.5.34\tomcat-embed-el-8.5.34.jar;D:\tools\java\apache-maven-3.3.9\userlib\org\apache\tomcat\embed\tomcat-embed-websocket\8.5.34\tomcat-embed-websocket-8.5.34.jar;D:\tools\java\apache-maven-3.3.9\userlib\org\hibernate\validator\hibernate-validator\6.0.13.Final\hibernate-validator-6.0.13.Final.jar;D:\tools\java\apache-maven-3.3.9\userlib\javax\validation\validation-api\2.0.1.Final\validation-api-2.0.1.Final.jar;D:\tools\java\apache-maven-3.3.9\userlib\org\jboss\logging\jboss-logging\3.3.2.Final\jboss-logging-3.3.2.Final.jar;D:\tools\java\apache-maven-3.3.9\userlib\org\springframework\spring-web\5.0.10.RELEASE\spring-web-5.0.10.RELEASE.jar;D:\tools\java\apache-maven-3.3.9\userlib\org\springframework\spring-beans\5.0.10.RELEASE\spring-beans-5.0.10.RELEASE.jar;D:\tools\java\apache-maven-3.3.9\userlib\org\springframework\spring-webmvc\5.0.10.RELEASE\spring-webmvc-5.0.10.RELEASE.jar;D:\tools\java\apache-maven-3.3.9\userlib\org\springframework\spring-aop\5.0.10.RELEASE\spring-aop-5.0.10.RELEASE.jar;D:\tools\java\apache-maven-3.3.9\userlib\org\springframework\spring-expression\5.0.10.RELEASE\spring-expression-5.0.10.RELEASE.jar;D:\tools\java\apache-maven-3.3.9\userlib\org\springframework\boot\spring-boot-starter-mail\2.0.6.RELEASE\spring-boot-starter-mail-2.0.6.RELEASE.jar;D:\tools\java\apache-maven-3.3.9\userlib\org\springframework\spring-context\5.0.10.RELEASE\spring-context-5.0.10.RELEASE.jar;D:\tools\java\apache-maven-3.3.9\userlib\org\springframework\spring-context-support\5.0.10.RELEASE\spring-context-support-5.0.10.RELEASE.jar;D:\tools\java\apache-maven-3.3.9\userlib\com\sun\mail\javax.mail\1.6.2\javax.mail-1.6.2.jar;D:\tools\java\apache-maven-3.3.9\userlib\javax\activation\activation\1.1\activation-1.1.jar;D:\tools\java\apache-maven-3.3.9\userlib\de\codecentric\spring-boot-admin-starter-server\2.0.2\spring-boot-admin-starter-server-2.0.2.jar;D:\tools\java\apache-maven-3.3.9\userlib\de\codecentric\spring-boot-admin-server\2.0.2\spring-boot-admin-server-2.0.2.jar;D:\tools\java\apache-maven-3.3.9\userlib\org\springframework\boot\spring-boot-starter-webflux\2.0.6.RELEASE\spring-boot-starter-webflux-2.0.6.RELEASE.jar;D:\tools\java\apache-maven-3.3.9\userlib\org\springframework\boot\spring-boot-starter-reactor-netty\2.0.6.RELEASE\spring-boot-starter-reactor-netty-2.0.6.RELEASE.jar;D:\tools\java\apache-maven-3.3.9\userlib\io\projectreactor\ipc\reactor-netty\0.7.10.RELEASE\reactor-netty-0.7.10.RELEASE.jar;D:\tools\java\apache-maven-3.3.9\userlib\io\netty\netty-codec-http\4.1.29.Final\netty-codec-http-4.1.29.Final.jar;D:\tools\java\apache-maven-3.3.9\userlib\io\netty\netty-codec\4.1.29.Final\netty-codec-4.1.29.Final.jar;D:\tools\java\apache-maven-3.3.9\userlib\io\netty\netty-handler\4.1.29.Final\netty-handler-4.1.29.Final.jar;D:\tools\java\apache-maven-3.3.9\userlib\io\netty\netty-buffer\4.1.29.Final\netty-buffer-4.1.29.Final.jar;D:\tools\java\apache-maven-3.3.9\userlib\io\netty\netty-transport\4.1.29.Final\netty-transport-4.1.29.Final.jar;D:\tools\java\apache-maven-3.3.9\userlib\io\netty\netty-resolver\4.1.29.Final\netty-resolver-4.1.29.Final.jar;D:\tools\java\apache-maven-3.3.9\userlib\io\netty\netty-handler-proxy\4.1.29.Final\netty-handler-proxy-4.1.29.Final.jar;D:\tools\java\apache-maven-3.3.9\userlib\io\netty\netty-codec-socks\4.1.29.Final\netty-codec-socks-4.1.29.Final.jar;D:\tools\java\apache-maven-3.3.9\userlib\io\netty\netty-transport-native-epoll\4.1.29.Final\netty-transport-native-epoll-4.1.29.Final-linux-x86_64.jar;D:\tools\java\apache-maven-3.3.9\userlib\io\netty\netty-common\4.1.29.Final\netty-common-4.1.29.Final.jar;D:\tools\java\apache-maven-3.3.9\userlib\io\netty\netty-transport-native-unix-common\4.1.29.Final\netty-transport-native-unix-common-4.1.29.Final.jar;D:\tools\java\apache-maven-3.3.9\userlib\org\springframework\spring-webflux\5.0.10.RELEASE\spring-webflux-5.0.10.RELEASE.jar;D:\tools\java\apache-maven-3.3.9\userlib\org\synchronoss\cloud\nio-multipart-parser\1.1.0\nio-multipart-parser-1.1.0.jar;D:\tools\java\apache-maven-3.3.9\userlib\org\synchronoss\cloud\nio-stream-storage\1.1.3\nio-stream-storage-1.1.3.jar;D:\tools\java\apache-maven-3.3.9\userlib\org\springframework\boot\spring-boot-starter-thymeleaf\2.0.6.RELEASE\spring-boot-starter-thymeleaf-2.0.6.RELEASE.jar;D:\tools\java\apache-maven-3.3.9\userlib\org\thymeleaf\thymeleaf-spring5\3.0.10.RELEASE\thymeleaf-spring5-3.0.10.RELEASE.jar;D:\tools\java\apache-maven-3.3.9\userlib\org\thymeleaf\thymeleaf\3.0.10.RELEASE\thymeleaf-3.0.10.RELEASE.jar;D:\tools\java\apache-maven-3.3.9\userlib\org\attoparser\attoparser\2.0.5.RELEASE\attoparser-2.0.5.RELEASE.jar;D:\tools\java\apache-maven-3.3.9\userlib\org\unbescape\unbescape\1.1.6.RELEASE\unbescape-1.1.6.RELEASE.jar;D:\tools\java\apache-maven-3.3.9\userlib\org\thymeleaf\extras\thymeleaf-extras-java8time\3.0.1.RELEASE\thymeleaf-extras-java8time-3.0.1.RELEASE.jar;D:\tools\java\apache-maven-3.3.9\userlib\org\springframework\boot\spring-boot-starter-actuator\2.0.6.RELEASE\spring-boot-starter-actuator-2.0.6.RELEASE.jar;D:\tools\java\apache-maven-3.3.9\userlib\org\springframework\boot\spring-boot-actuator-autoconfigure\2.0.6.RELEASE\spring-boot-actuator-autoconfigure-2.0.6.RELEASE.jar;D:\tools\java\apache-maven-3.3.9\userlib\org\springframework\boot\spring-boot-actuator\2.0.6.RELEASE\spring-boot-actuator-2.0.6.RELEASE.jar;D:\tools\java\apache-maven-3.3.9\userlib\io\micrometer\micrometer-core\1.0.7\micrometer-core-1.0.7.jar;D:\tools\java\apache-maven-3.3.9\userlib\org\hdrhistogram\HdrHistogram\2.1.10\HdrHistogram-2.1.10.jar;D:\tools\java\apache-maven-3.3.9\userlib\org\latencyutils\LatencyUtils\2.0.3\LatencyUtils-2.0.3.jar;D:\tools\java\apache-maven-3.3.9\userlib\io\projectreactor\addons\reactor-extra\3.1.7.RELEASE\reactor-extra-3.1.7.RELEASE.jar;D:\tools\java\apache-maven-3.3.9\userlib\io\projectreactor\reactor-core\3.1.10.RELEASE\reactor-core-3.1.10.RELEASE.jar;D:\tools\java\apache-maven-3.3.9\userlib\org\reactivestreams\reactive-streams\1.0.2\reactive-streams-1.0.2.jar;D:\tools\java\apache-maven-3.3.9\userlib\de\codecentric\spring-boot-admin-server-ui\2.0.2\spring-boot-admin-server-ui-2.0.2.jar;D:\tools\java\apache-maven-3.3.9\userlib\de\codecentric\spring-boot-admin-server-cloud\2.0.2\spring-boot-admin-server-cloud-2.0.2.jar;D:\tools\java\apache-maven-3.3.9\userlib\org\springframework\boot\spring-boot-configuration-processor\2.0.6.RELEASE\spring-boot-configuration-processor-2.0.6.RELEASE.jar;D:\tools\java\apache-maven-3.3.9\userlib\org\springframework\boot\spring-boot-devtools\2.0.6.RELEASE\spring-boot-devtools-2.0.6.RELEASE.jar;D:\tools\java\apache-maven-3.3.9\userlib\org\springframework\boot\spring-boot\2.0.6.RELEASE\spring-boot-2.0.6.RELEASE.jar;D:\tools\java\apache-maven-3.3.9\userlib\org\springframework\boot\spring-boot-autoconfigure\2.0.6.RELEASE\spring-boot-autoconfigure-2.0.6.RELEASE.jar;D:\tools\java\apache-maven-3.3.9\userlib\org\springframework\boot\spring-boot-starter-test\2.0.6.RELEASE\spring-boot-starter-test-2.0.6.RELEASE.jar;D:\tools\java\apache-maven-3.3.9\userlib\org\springframework\boot\spring-boot-test\2.0.6.RELEASE\spring-boot-test-2.0.6.RELEASE.jar;D:\tools\java\apache-maven-3.3.9\userlib\org\springframework\boot\spring-boot-test-autoconfigure\2.0.6.RELEASE\spring-boot-test-autoconfigure-2.0.6.RELEASE.jar;D:\tools\java\apache-maven-3.3.9\userlib\com\jayway\jsonpath\json-path\2.4.0\json-path-2.4.0.jar;D:\tools\java\apache-maven-3.3.9\userlib\net\minidev\json-smart\2.3\json-smart-2.3.jar;D:\tools\java\apache-maven-3.3.9\userlib\net\minidev\accessors-smart\1.2\accessors-smart-1.2.jar;D:\tools\java\apache-maven-3.3.9\userlib\org\ow2\asm\asm\5.0.4\asm-5.0.4.jar;D:\tools\java\apache-maven-3.3.9\userlib\junit\junit\4.12\junit-4.12.jar;D:\tools\java\apache-maven-3.3.9\userlib\org\assertj\assertj-core\3.9.1\assertj-core-3.9.1.jar;D:\tools\java\apache-maven-3.3.9\userlib\org\mockito\mockito-core\2.15.0\mockito-core-2.15.0.jar;D:\tools\java\apache-maven-3.3.9\userlib\net\bytebuddy\byte-buddy\1.7.11\byte-buddy-1.7.11.jar;D:\tools\java\apache-maven-3.3.9\userlib\net\bytebuddy\byte-buddy-agent\1.7.11\byte-buddy-agent-1.7.11.jar;D:\tools\java\apache-maven-3.3.9\userlib\org\objenesis\objenesis\2.6\objenesis-2.6.jar;D:\tools\java\apache-maven-3.3.9\userlib\org\hamcrest\hamcrest-core\1.3\hamcrest-core-1.3.jar;D:\tools\java\apache-maven-3.3.9\userlib\org\hamcrest\hamcrest-library\1.3\hamcrest-library-1.3.jar;D:\tools\java\apache-maven-3.3.9\userlib\org\skyscreamer\jsonassert\1.5.0\jsonassert-1.5.0.jar;D:\tools\java\apache-maven-3.3.9\userlib\org\springframework\spring-core\5.0.10.RELEASE\spring-core-5.0.10.RELEASE.jar;D:\tools\java\apache-maven-3.3.9\userlib\org\springframework\spring-jcl\5.0.10.RELEASE\spring-jcl-5.0.10.RELEASE.jar;D:\tools\java\apache-maven-3.3.9\userlib\org\springframework\spring-test\5.0.10.RELEASE\spring-test-5.0.10.RELEASE.jar;D:\tools\java\apache-maven-3.3.9\userlib\org\xmlunit\xmlunit-core\2.5.1\xmlunit-core-2.5.1.jar;D:\tools\java\apache-maven-3.3.9\userlib\org\projectlombok\lombok\1.18.22\lombok-1.18.22.jar;D:\tools\java\apache-maven-3.3.9\userlib\mysql\mysql-connector-java\8.0.28\mysql-connector-java-8.0.28.jar;D:\tools\java\apache-maven-3.3.9\userlib\com\google\protobuf\protobuf-java\3.11.4\protobuf-java-3.11.4.jar;D:\tools\java\apache-maven-3.3.9\userlib\io\springfox\springfox-swagger2\2.9.2\springfox-swagger2-2.9.2.jar;D:\tools\java\apache-maven-3.3.9\userlib\io\swagger\swagger-annotations\1.5.20\swagger-annotations-1.5.20.jar;D:\tools\java\apache-maven-3.3.9\userlib\io\swagger\swagger-models\1.5.20\swagger-models-1.5.20.jar;D:\tools\java\apache-maven-3.3.9\userlib\com\fasterxml\jackson\core\jackson-annotations\2.9.0\jackson-annotations-2.9.0.jar;D:\tools\java\apache-maven-3.3.9\userlib\io\springfox\springfox-spi\2.9.2\springfox-spi-2.9.2.jar;D:\tools\java\apache-maven-3.3.9\userlib\io\springfox\springfox-core\2.9.2\springfox-core-2.9.2.jar;D:\tools\java\apache-maven-3.3.9\userlib\io\springfox\springfox-schema\2.9.2\springfox-schema-2.9.2.jar;D:\tools\java\apache-maven-3.3.9\userlib\io\springfox\springfox-swagger-common\2.9.2\springfox-swagger-common-2.9.2.jar;D:\tools\java\apache-maven-3.3.9\userlib\io\springfox\springfox-spring-web\2.9.2\springfox-spring-web-2.9.2.jar;D:\tools\java\apache-maven-3.3.9\userlib\com\google\guava\guava\20.0\guava-20.0.jar;D:\tools\java\apache-maven-3.3.9\userlib\com\fasterxml\classmate\1.3.4\classmate-1.3.4.jar;D:\tools\java\apache-maven-3.3.9\userlib\org\slf4j\slf4j-api\1.7.25\slf4j-api-1.7.25.jar;D:\tools\java\apache-maven-3.3.9\userlib\org\springframework\plugin\spring-plugin-core\1.2.0.RELEASE\spring-plugin-core-1.2.0.RELEASE.jar;D:\tools\java\apache-maven-3.3.9\userlib\org\springframework\plugin\spring-plugin-metadata\1.2.0.RELEASE\spring-plugin-metadata-1.2.0.RELEASE.jar;D:\tools\java\apache-maven-3.3.9\userlib\org\mapstruct\mapstruct\1.2.0.Final\mapstruct-1.2.0.Final.jar;D:\tools\java\apache-maven-3.3.9\userlib\io\springfox\springfox-swagger-ui\2.9.2\springfox-swagger-ui-2.9.2.jar;D:\tools\java\apache-maven-3.3.9\userlib\net\sourceforge\htmlunit\htmlunit\2.49.1\htmlunit-2.49.1.jar;D:\tools\java\apache-maven-3.3.9\userlib\xalan\xalan\2.7.2\xalan-2.7.2.jar;D:\tools\java\apache-maven-3.3.9\userlib\xalan\serializer\2.7.2\serializer-2.7.2.jar;D:\tools\java\apache-maven-3.3.9\userlib\org\apache\commons\commons-lang3\3.7\commons-lang3-3.7.jar;D:\tools\java\apache-maven-3.3.9\userlib\org\apache\commons\commons-text\1.9\commons-text-1.9.jar;D:\tools\java\apache-maven-3.3.9\userlib\org\apache\httpcomponents\httpmime\4.5.6\httpmime-4.5.6.jar;D:\tools\java\apache-maven-3.3.9\userlib\org\apache\httpcomponents\httpclient\4.5.6\httpclient-4.5.6.jar;D:\tools\java\apache-maven-3.3.9\userlib\org\apache\httpcomponents\httpcore\4.4.10\httpcore-4.4.10.jar;D:\tools\java\apache-maven-3.3.9\userlib\commons-codec\commons-codec\1.11\commons-codec-1.11.jar;D:\tools\java\apache-maven-3.3.9\userlib\net\sourceforge\htmlunit\htmlunit-core-js\2.49.0\htmlunit-core-js-2.49.0.jar;D:\tools\java\apache-maven-3.3.9\userlib\net\sourceforge\htmlunit\neko-htmlunit\2.49.0\neko-htmlunit-2.49.0.jar;D:\tools\java\apache-maven-3.3.9\userlib\xerces\xercesImpl\2.12.0\xercesImpl-2.12.0.jar;D:\tools\java\apache-maven-3.3.9\userlib\xml-apis\xml-apis\1.4.01\xml-apis-1.4.01.jar;D:\tools\java\apache-maven-3.3.9\userlib\net\sourceforge\htmlunit\htmlunit-cssparser\1.7.0\htmlunit-cssparser-1.7.0.jar;D:\tools\java\apache-maven-3.3.9\userlib\commons-io\commons-io\2.8.0\commons-io-2.8.0.jar;D:\tools\java\apache-maven-3.3.9\userlib\commons-net\commons-net\3.8.0\commons-net-3.8.0.jar;D:\tools\java\apache-maven-3.3.9\userlib\org\brotli\dec\0.1.2\dec-0.1.2.jar;D:\tools\java\apache-maven-3.3.9\userlib\com\shapesecurity\salvation2\3.0.0\salvation2-3.0.0.jar;D:\tools\java\apache-maven-3.3.9\userlib\org\eclipse\jetty\websocket\websocket-client\9.4.12.v20180830\websocket-client-9.4.12.v20180830.jar;D:\tools\java\apache-maven-3.3.9\userlib\org\eclipse\jetty\jetty-client\9.4.12.v20180830\jetty-client-9.4.12.v20180830.jar;D:\tools\java\apache-maven-3.3.9\userlib\org\eclipse\jetty\jetty-http\9.4.12.v20180830\jetty-http-9.4.12.v20180830.jar;D:\tools\java\apache-maven-3.3.9\userlib\org\eclipse\jetty\jetty-xml\9.4.12.v20180830\jetty-xml-9.4.12.v20180830.jar;D:\tools\java\apache-maven-3.3.9\userlib\org\eclipse\jetty\jetty-util\9.4.12.v20180830\jetty-util-9.4.12.v20180830.jar;D:\tools\java\apache-maven-3.3.9\userlib\org\eclipse\jetty\jetty-io\9.4.12.v20180830\jetty-io-9.4.12.v20180830.jar;D:\tools\java\apache-maven-3.3.9\userlib\org\eclipse\jetty\websocket\websocket-common\9.4.12.v20180830\websocket-common-9.4.12.v20180830.jar;D:\tools\java\apache-maven-3.3.9\userlib\org\eclipse\jetty\websocket\websocket-api\9.4.12.v20180830\websocket-api-9.4.12.v20180830.jar;D:\tools\java\apache-maven-3.3.9\userlib\org\json\json\20210307\json-20210307.jar;, user.name=sd, java.vm.specification.version=1.8, sun.java.command=C:\Users\sd\AppData\Local\Temp\surefire529610797428521720\surefirebooter4264464724975688841.jar C:\Users\sd\AppData\Local\Temp\surefire529610797428521720 2022-11-09T14-20-23_099-jvmRun1 surefire6456656948710673003tmp surefire_04707852632626970753tmp, java.home=D:\tools\java\jdk\jre, sun.arch.data.model=64, user.language=zh, java.specification.vendor=Oracle Corporation, awt.toolkit=sun.awt.windows.WToolkit, java.vm.info=mixed mode, java.version=1.8.0_212, java.ext.dirs=D:\tools\java\jdk\jre\lib\ext;C:\Windows\Sun\Java\lib\ext, sun.boot.class.path=D:\tools\java\jdk\jre\lib\resources.jar;D:\tools\java\jdk\jre\lib\rt.jar;D:\tools\java\jdk\jre\lib\sunrsasign.jar;D:\tools\java\jdk\jre\lib\jsse.jar;D:\tools\java\jdk\jre\lib\jce.jar;D:\tools\java\jdk\jre\lib\charsets.jar;D:\tools\java\jdk\jre\lib\jfr.jar;D:\tools\java\jdk\jre\classes, java.vendor=Oracle Corporation, localRepository=D:\tools\java\apache-maven-3.3.9\userlib, file.separator=\, java.vendor.url.bug=http://bugreport.sun.com/bugreport/, sun.io.unicode.encoding=UnicodeLittle, sun.cpu.endian=little, sun.desktop=windows, sun.cpu.isalist=amd64}}, SystemEnvironmentPropertySource@737077247 {name='systemEnvironment', properties={PATH=C:\Program Files (x86)\Common Files\Oracle\Java\javapath;C:\Windows\system32;C:\Windows;C:\Windows\System32\Wbem;C:\Windows\System32\WindowsPowerShell\v1.0\;C:\Windows\System32\OpenSSH\;C:\Program Files (x86)\NVIDIA Corporation\PhysX\Common;C:\Program Files\NVIDIA Corporation\NVIDIA NvDLISR;D:\tools\Git\cmd;C:\Program Files\TortoiseGit\bin;D:\tools\java\jdk\bin;D:\tools\java\apache-maven-3.3.9\bin;D:\tools\mongodb;\bin;D:\tools\erl\bin;D:\tools\rabbitmq\sbin;C:\Program Files\dotnet\;D:\tools\Git\mingw64\bin;D:\tools\Git\bin;D:\tools\Git\mingw64\libexec\git-core;C:\Users\sd\AppData\Local\Microsoft\WindowsApps;D:\tools\MinGW\mingw64\bin;D:\tools\mongodb;\bin;D:\tools\erl\bin;C:\Users\sd\.dotnet\tools, USERDOMAIN_ROAMINGPROFILE=LAPTOP-C6CJ0OLQ, PROCESSOR_LEVEL=23, SYSTEMDRIVE=C:, QMF_SOCKET_PATH=nvg-qmf-server, VTK_DIR=D:\tools\VTK\bin, SESSIONNAME=Console, ALLUSERSPROFILE=C:\ProgramData, PROCESSOR_ARCHITECTURE=AMD64, NVIDIAWHITELISTED=0x01, DRIVERDATA=C:\Windows\System32\Drivers\DriverData, RABBITQM_SERVER=D:\tools\rabbitmq, KMP_DUPLICATE_LIB_OK=TRUE, PROGRAMFILES=C:\Program Files, PSMODULEPATH=C:\Program Files\WindowsPowerShell\Modules;C:\Windows\system32\WindowsPowerShell\v1.0\Modules, PROGRAMDATA=C:\ProgramData, USERNAME=sd, GAMETURBO=C:\Program Files (x86)\ASUS\GameFirst\, ONEDRIVE=C:\Users\sd\OneDrive, PATHEXT=.COM;.EXE;.BAT;.CMD;.VBS;.VBE;.JS;.JSE;.WSF;.WSH;.MSC, ACSETUPSVCPORT=23210, ONEDRIVECONSUMER=C:\Users\sd\OneDrive, SHIM_MCCOMPAT=0x810000001, WINDIR=C:\Windows, HOMEPATH=\Users\sd, PROCESSOR_IDENTIFIER=AMD64 Family 23 Model 96 Stepping 1, AuthenticAMD, M2_HOME=D:\tools\java\apache-maven-3.3.9, PUBLIC=C:\Users\Public, MONGO_HOME=D:\tools\mongodb;, =::=::\, LOCALAPPDATA=C:\Users\sd\AppData\Local, COMMONPROGRAMFILES(X86)=C:\Program Files (x86)\Common Files, USERDOMAIN=LAPTOP-C6CJ0OLQ, LOGONSERVER=\\LAPTOP-C6CJ0OLQ, JAVA_HOME=D:\tools\java\jdk, PROMPT=$P$G, PROGRAMFILES(X86)=C:\Program Files (x86), ERLANG_HOME=D:\tools\erl, =C:=C:\, APPDATA=C:\Users\sd\AppData\Roaming, ACSVCPORT=17532, PROGRAMW6432=C:\Program Files, SYSTEMROOT=C:\Windows, RLSSVCPORT=22112, MKL_SERIAL=YES, OS=Windows_NT, COMMONPROGRAMW6432=C:\Program Files\Common Files, COMPUTERNAME=LAPTOP-C6CJ0OLQ, COMMONPROGRAMFILES=C:\Program Files\Common Files, COMSPEC=C:\Windows\system32\cmd.exe, PROCESSOR_REVISION=6001, CLASSPATH=D:\tools\java\jdk\lib, =D:=D:\tools\!!!Spring boot\zhidian\VL, GAMEFIRSTUSERPATH=C:\ProgramData\ASUS\GameFirst, TEMP=C:\Users\sd\AppData\Local\Temp, HOMEDRIVE=C:, USERPROFILE=C:\Users\sd, TMP=C:\Users\sd\AppData\Local\Temp, QT_MULTIMEDIA_PREFERRED_PLUGINS=windowsmediafoundation, NUMBER_OF_PROCESSORS=16, IDEA_INITIAL_DIRECTORY=D:\Links}}]
14:20:26.029 [main] DEBUG org.springframework.test.context.support.TestPropertySourceUtils - Adding inlined properties to environment: {spring.jmx.enabled=false, org.springframework.boot.test.context.SpringBootTestContextBootstrapper=true, server.port=-1}
14:20:26.029 [main] DEBUG org.springframework.core.env.StandardEnvironment - Adding PropertySource 'Inlined Test Properties' with highest search precedence

  .   ____          _            __ _ _
 /\\ / ___'_ __ _ _(_)_ __  __ _ \ \ \ \
( ( )\___ | '_ | '_| | '_ \/ _` | \ \ \ \
 \\/  ___)| |_)| | | | | || (_| |  ) ) ) )
  '  |____| .__|_| |_|_| |_\__, | / / / /
 =========|_|==============|___/=/_/_/_/
 :: Spring Boot ::        (v2.0.6.RELEASE)

2022-11-09 14:20:26.262  INFO 20852 --- [           main] com.bupt.zhidian.VLTest                  : Starting VLTest on LAPTOP-C6CJ0OLQ with PID 20852 (started by sd in D:\tools\!!!Spring boot\zhidian\VL)
2022-11-09 14:20:26.263  INFO 20852 --- [           main] com.bupt.zhidian.VLTest                  : No active profile set, falling back to default profiles: default
2022-11-09 14:20:26.299  INFO 20852 --- [           main] o.s.w.c.s.GenericWebApplicationContext   : Refreshing org.springframework.web.context.support.GenericWebApplicationContext@55cb6996: startup date [Wed Nov 09 14:20:26 CST 2022]; root of context hierarchy
2022-11-09 14:20:27.712  INFO 20852 --- [           main] o.s.w.s.handler.SimpleUrlHandlerMapping  : Mapped URL path [/**/favicon.ico] onto handler of type [class org.springframework.web.servlet.resource.ResourceHttpRequestHandler]
2022-11-09 14:20:27.890  INFO 20852 --- [           main] s.w.s.m.m.a.RequestMappingHandlerAdapter : Looking for @ControllerAdvice: org.springframework.web.context.support.GenericWebApplicationContext@55cb6996: startup date [Wed Nov 09 14:20:26 CST 2022]; root of context hierarchy
2022-11-09 14:20:27.954  INFO 20852 --- [           main] s.w.s.m.m.a.RequestMappingHandlerMapping : Mapped "{[/error]}" onto public org.springframework.http.ResponseEntity<java.util.Map<java.lang.String, java.lang.Object>> org.springframework.boot.autoconfigure.web.servlet.error.BasicErrorController.error(javax.servlet.http.HttpServletRequest)
2022-11-09 14:20:27.956  INFO 20852 --- [           main] s.w.s.m.m.a.RequestMappingHandlerMapping : Mapped "{[/error],produces=[text/html]}" onto public org.springframework.web.servlet.ModelAndView org.springframework.boot.autoconfigure.web.servlet.error.BasicErrorController.errorHtml(javax.servlet.http.HttpServletRequest,javax.servlet.http.HttpServletResponse)
2022-11-09 14:20:27.986  INFO 20852 --- [           main] o.s.w.s.handler.SimpleUrlHandlerMapping  : Mapped URL path [/webjars/**] onto handler of type [class org.springframework.web.servlet.resource.ResourceHttpRequestHandler]
2022-11-09 14:20:27.986  INFO 20852 --- [           main] o.s.w.s.handler.SimpleUrlHandlerMapping  : Mapped URL path [/**] onto handler of type [class org.springframework.web.servlet.resource.ResourceHttpRequestHandler]
2022-11-09 14:20:28.062  WARN 20852 --- [           main] ion$DefaultTemplateResolverConfiguration : Cannot find template location: classpath:/templates/ (please add some templates or check your Thymeleaf configuration)
2022-11-09 14:20:28.790  INFO 20852 --- [           main] o.s.b.a.e.web.EndpointLinksResolver      : Exposing 2 endpoint(s) beneath base path '/actuator'
2022-11-09 14:20:28.806  INFO 20852 --- [           main] s.b.a.e.w.s.WebMvcEndpointHandlerMapping : Mapped "{[/actuator/health],methods=[GET],produces=[application/vnd.spring-boot.actuator.v2+json || application/json]}" onto public java.lang.Object org.springframework.boot.actuate.endpoint.web.servlet.AbstractWebMvcEndpointHandlerMapping$OperationHandler.handle(javax.servlet.http.HttpServletRequest,java.util.Map<java.lang.String, java.lang.String>)
2022-11-09 14:20:28.807  INFO 20852 --- [           main] s.b.a.e.w.s.WebMvcEndpointHandlerMapping : Mapped "{[/actuator/info],methods=[GET],produces=[application/vnd.spring-boot.actuator.v2+json || application/json]}" onto public java.lang.Object org.springframework.boot.actuate.endpoint.web.servlet.AbstractWebMvcEndpointHandlerMapping$OperationHandler.handle(javax.servlet.http.HttpServletRequest,java.util.Map<java.lang.String, java.lang.String>)
2022-11-09 14:20:28.808  INFO 20852 --- [           main] s.b.a.e.w.s.WebMvcEndpointHandlerMapping : Mapped "{[/actuator],methods=[GET],produces=[application/vnd.spring-boot.actuator.v2+json || application/json]}" onto protected java.util.Map<java.lang.String, java.util.Map<java.lang.String, org.springframework.boot.actuate.endpoint.web.Link>> org.springframework.boot.actuate.endpoint.web.servlet.WebMvcEndpointHandlerMapping.links(javax.servlet.http.HttpServletRequest,javax.servlet.http.HttpServletResponse)
2022-11-09 14:20:28.872  INFO 20852 --- [           main] com.bupt.zhidian.VLTest                  : Started VLTest in 2.828 seconds (JVM running for 3.641)
]]></system-out>
  </testcase>
</testsuite>